Analysis & Synthesis report for afinador_violao
Fri Jun 07 22:24:11 2024
Quartus II 64-Bit Version 13.0.1 Build 232 06/12/2013 Service Pack 1 SJ Web Edition


---------------------
; Table of Contents ;
---------------------
  1. Legal Notice
  2. Analysis & Synthesis Summary
  3. Analysis & Synthesis Settings
  4. Parallel Compilation
  5. Analysis & Synthesis IP Cores Summary
  6. Parameter Settings for User Entity Instance: lpm_compare1:inst5|lpm_compare:LPM_COMPARE_component
  7. Parameter Settings for User Entity Instance: LPM_DFF:inst9
  8. Parameter Settings for User Entity Instance: UC:inst
  9. Parameter Settings for User Entity Instance: lpm_compare2:inst6|lpm_compare:LPM_COMPARE_component
 10. Parameter Settings for User Entity Instance: lpm_compare3:inst7|lpm_compare:LPM_COMPARE_component
 11. Parameter Settings for User Entity Instance: lpm_compare0:inst2|lpm_compare:LPM_COMPARE_component
 12. Analysis & Synthesis Messages



----------------
; Legal Notice ;
----------------
Copyright (C) 1991-2013 Altera Corporation
Your use of Altera Corporation's design tools, logic functions 
and other software and tools, and its AMPP partner logic 
functions, and any output files from any of the foregoing 
(including device programming or simulation files), and any 
associated documentation or information are expressly subject 
to the terms and conditions of the Altera Program License 
Subscription Agreement, Altera MegaCore Function License 
Agreement, or other applicable license agreement, including, 
without limitation, that your use is for the sole purpose of 
programming logic devices manufactured by Altera and sold by 
Altera or its authorized distributors.  Please refer to the 
applicable agreement for further details.



+--------------------------------------------------------------------------------------+
; Analysis & Synthesis Summary                                                         ;
+------------------------------------+-------------------------------------------------+
; Analysis & Synthesis Status        ; Failed - Fri Jun 07 22:24:11 2024               ;
; Quartus II 64-Bit Version          ; 13.0.1 Build 232 06/12/2013 SP 1 SJ Web Edition ;
; Revision Name                      ; afinador_violao                                 ;
; Top-level Entity Name              ; afinador_violao                                 ;
; Family                             ; Cyclone IV E                                    ;
; Total logic elements               ; N/A until Partition Merge                       ;
;     Total combinational functions  ; N/A until Partition Merge                       ;
;     Dedicated logic registers      ; N/A until Partition Merge                       ;
; Total registers                    ; N/A until Partition Merge                       ;
; Total pins                         ; N/A until Partition Merge                       ;
; Total virtual pins                 ; N/A until Partition Merge                       ;
; Total memory bits                  ; N/A until Partition Merge                       ;
; Embedded Multiplier 9-bit elements ; N/A until Partition Merge                       ;
; Total PLLs                         ; N/A until Partition Merge                       ;
+------------------------------------+-------------------------------------------------+


+----------------------------------------------------------------------------------------------------------------------+
; Analysis & Synthesis Settings                                                                                        ;
+----------------------------------------------------------------------------+--------------------+--------------------+
; Option                                                                     ; Setting            ; Default Value      ;
+----------------------------------------------------------------------------+--------------------+--------------------+
; Device                                                                     ; EP4CE115F29C7      ;                    ;
; Top-level entity name                                                      ; afinador_violao    ; afinador_violao    ;
; Family name                                                                ; Cyclone IV E       ; Cyclone IV GX      ;
; Use smart compilation                                                      ; Off                ; Off                ;
; Enable parallel Assembler and TimeQuest Timing Analyzer during compilation ; On                 ; On                 ;
; Enable compact report table                                                ; Off                ; Off                ;
; Restructure Multiplexers                                                   ; Auto               ; Auto               ;
; Create Debugging Nodes for IP Cores                                        ; Off                ; Off                ;
; Preserve fewer node names                                                  ; On                 ; On                 ;
; Disable OpenCore Plus hardware evaluation                                  ; Off                ; Off                ;
; Verilog Version                                                            ; Verilog_2001       ; Verilog_2001       ;
; VHDL Version                                                               ; VHDL_1993          ; VHDL_1993          ;
; State Machine Processing                                                   ; Auto               ; Auto               ;
; Safe State Machine                                                         ; Off                ; Off                ;
; Extract Verilog State Machines                                             ; On                 ; On                 ;
; Extract VHDL State Machines                                                ; On                 ; On                 ;
; Ignore Verilog initial constructs                                          ; Off                ; Off                ;
; Iteration limit for constant Verilog loops                                 ; 5000               ; 5000               ;
; Iteration limit for non-constant Verilog loops                             ; 250                ; 250                ;
; Add Pass-Through Logic to Inferred RAMs                                    ; On                 ; On                 ;
; Infer RAMs from Raw Logic                                                  ; On                 ; On                 ;
; Parallel Synthesis                                                         ; On                 ; On                 ;
; DSP Block Balancing                                                        ; Auto               ; Auto               ;
; NOT Gate Push-Back                                                         ; On                 ; On                 ;
; Power-Up Don't Care                                                        ; On                 ; On                 ;
; Remove Redundant Logic Cells                                               ; Off                ; Off                ;
; Remove Duplicate Registers                                                 ; On                 ; On                 ;
; Ignore CARRY Buffers                                                       ; Off                ; Off                ;
; Ignore CASCADE Buffers                                                     ; Off                ; Off                ;
; Ignore GLOBAL Buffers                                                      ; Off                ; Off                ;
; Ignore ROW GLOBAL Buffers                                                  ; Off                ; Off                ;
; Ignore LCELL Buffers                                                       ; Off                ; Off                ;
; Ignore SOFT Buffers                                                        ; On                 ; On                 ;
; Limit AHDL Integers to 32 Bits                                             ; Off                ; Off                ;
; Optimization Technique                                                     ; Balanced           ; Balanced           ;
; Carry Chain Length                                                         ; 70                 ; 70                 ;
; Auto Carry Chains                                                          ; On                 ; On                 ;
; Auto Open-Drain Pins                                                       ; On                 ; On                 ;
; Perform WYSIWYG Primitive Resynthesis                                      ; Off                ; Off                ;
; Auto ROM Replacement                                                       ; On                 ; On                 ;
; Auto RAM Replacement                                                       ; On                 ; On                 ;
; Auto DSP Block Replacement                                                 ; On                 ; On                 ;
; Auto Shift Register Replacement                                            ; Auto               ; Auto               ;
; Allow Shift Register Merging across Hierarchies                            ; Auto               ; Auto               ;
; Auto Clock Enable Replacement                                              ; On                 ; On                 ;
; Strict RAM Replacement                                                     ; Off                ; Off                ;
; Allow Synchronous Control Signals                                          ; On                 ; On                 ;
; Force Use of Synchronous Clear Signals                                     ; Off                ; Off                ;
; Auto RAM Block Balancing                                                   ; On                 ; On                 ;
; Auto RAM to Logic Cell Conversion                                          ; Off                ; Off                ;
; Auto Resource Sharing                                                      ; Off                ; Off                ;
; Allow Any RAM Size For Recognition                                         ; Off                ; Off                ;
; Allow Any ROM Size For Recognition                                         ; Off                ; Off                ;
; Allow Any Shift Register Size For Recognition                              ; Off                ; Off                ;
; Use LogicLock Constraints during Resource Balancing                        ; On                 ; On                 ;
; Ignore translate_off and synthesis_off directives                          ; Off                ; Off                ;
; Timing-Driven Synthesis                                                    ; On                 ; On                 ;
; Report Parameter Settings                                                  ; On                 ; On                 ;
; Report Source Assignments                                                  ; On                 ; On                 ;
; Report Connectivity Checks                                                 ; On                 ; On                 ;
; Ignore Maximum Fan-Out Assignments                                         ; Off                ; Off                ;
; Synchronization Register Chain Length                                      ; 2                  ; 2                  ;
; PowerPlay Power Optimization                                               ; Normal compilation ; Normal compilation ;
; HDL message level                                                          ; Level2             ; Level2             ;
; Suppress Register Optimization Related Messages                            ; Off                ; Off                ;
; Number of Removed Registers Reported in Synthesis Report                   ; 5000               ; 5000               ;
; Number of Swept Nodes Reported in Synthesis Report                         ; 5000               ; 5000               ;
; Number of Inverted Registers Reported in Synthesis Report                  ; 100                ; 100                ;
; Clock MUX Protection                                                       ; On                 ; On                 ;
; Auto Gated Clock Conversion                                                ; Off                ; Off                ;
; Block Design Naming                                                        ; Auto               ; Auto               ;
; SDC constraint protection                                                  ; Off                ; Off                ;
; Synthesis Effort                                                           ; Auto               ; Auto               ;
; Shift Register Replacement - Allow Asynchronous Clear Signal               ; On                 ; On                 ;
; Pre-Mapping Resynthesis Optimization                                       ; Off                ; Off                ;
; Analysis & Synthesis Message Level                                         ; Medium             ; Medium             ;
; Disable Register Merging Across Hierarchies                                ; Auto               ; Auto               ;
; Resource Aware Inference For Block RAM                                     ; On                 ; On                 ;
; Synthesis Seed                                                             ; 1                  ; 1                  ;
+----------------------------------------------------------------------------+--------------------+--------------------+


Parallel compilation was disabled, but you have multiple processors available. Enable parallel compilation to reduce compilation time.
+-------------------------------------+
; Parallel Compilation                ;
+----------------------------+--------+
; Processors                 ; Number ;
+----------------------------+--------+
; Number detected on machine ; 12     ;
; Maximum allowed            ; 1      ;
+----------------------------+--------+


+---------------------------------------------------------------------------------------------------------------------------------------------------------------+
; Analysis & Synthesis IP Cores Summary                                                                                                                         ;
+--------+--------------+---------+--------------+--------------+-------------------------------------+---------------------------------------------------------+
; Vendor ; IP Core Name ; Version ; Release Date ; License Type ; Entity Instance                     ; IP Include File                                         ;
+--------+--------------+---------+--------------+--------------+-------------------------------------+---------------------------------------------------------+
; Altera ; LPM_COMPARE  ; 13.0    ; N/A          ; N/A          ; |afinador_violao|lpm_compare0:inst2 ; C:/Users/aluno/Desktop/afinador-violao/lpm_compare0.vhd ;
; Altera ; LPM_COMPARE  ; 13.0    ; N/A          ; N/A          ; |afinador_violao|lpm_compare1:inst5 ; C:/Users/aluno/Desktop/afinador-violao/lpm_compare1.vhd ;
; Altera ; LPM_COMPARE  ; 13.0    ; N/A          ; N/A          ; |afinador_violao|lpm_compare2:inst6 ; C:/Users/aluno/Desktop/afinador-violao/lpm_compare2.vhd ;
; Altera ; LPM_COMPARE  ; 13.0    ; N/A          ; N/A          ; |afinador_violao|lpm_compare3:inst7 ; C:/Users/aluno/Desktop/afinador-violao/lpm_compare3.vhd ;
+--------+--------------+---------+--------------+--------------+-------------------------------------+---------------------------------------------------------+


+---------------------------------------------------------------------------------------------------+
; Parameter Settings for User Entity Instance: lpm_compare1:inst5|lpm_compare:LPM_COMPARE_component ;
+------------------------+--------------+-----------------------------------------------------------+
; Parameter Name         ; Value        ; Type                                                      ;
+------------------------+--------------+-----------------------------------------------------------+
; lpm_width              ; 20           ; Signed Integer                                            ;
; LPM_REPRESENTATION     ; UNSIGNED     ; Untyped                                                   ;
; LPM_PIPELINE           ; 0            ; Untyped                                                   ;
; CHAIN_SIZE             ; 8            ; Untyped                                                   ;
; ONE_INPUT_IS_CONSTANT  ; YES          ; Untyped                                                   ;
; CARRY_CHAIN            ; MANUAL       ; Untyped                                                   ;
; CASCADE_CHAIN          ; MANUAL       ; Untyped                                                   ;
; CARRY_CHAIN_LENGTH     ; 48           ; CARRY_CHAIN_LENGTH                                        ;
; CASCADE_CHAIN_LENGTH   ; 2            ; CASCADE_CHAIN_LENGTH                                      ;
; DEVICE_FAMILY          ; Cyclone IV E ; Untyped                                                   ;
; CBXI_PARAMETER         ; cmpr_idj     ; Untyped                                                   ;
; AUTO_CARRY_CHAINS      ; ON           ; AUTO_CARRY                                                ;
; IGNORE_CARRY_BUFFERS   ; OFF          ; IGNORE_CARRY                                              ;
; AUTO_CASCADE_CHAINS    ; ON           ; AUTO_CASCADE                                              ;
; IGNORE_CASCADE_BUFFERS ; OFF          ; IGNORE_CASCADE                                            ;
+------------------------+--------------+-----------------------------------------------------------+
Note: In order to hide this table in the UI and the text report file, please set the "Show Parameter Settings in Synthesis Report" option in "Analysis and Synthesis Settings -> More Settings" to "Off".


+------------------------------------------------------------+
; Parameter Settings for User Entity Instance: LPM_DFF:inst9 ;
+------------------------+--------------+--------------------+
; Parameter Name         ; Value        ; Type               ;
+------------------------+--------------+--------------------+
; LPM_WIDTH              ; 20           ; Untyped            ;
; LPM_AVALUE             ; 0            ; Untyped            ;
; LPM_SVALUE             ; 0            ; Untyped            ;
; DEVICE_FAMILY          ; Cyclone IV E ; Untyped            ;
; AUTO_CARRY_CHAINS      ; ON           ; AUTO_CARRY         ;
; IGNORE_CARRY_BUFFERS   ; OFF          ; IGNORE_CARRY       ;
; AUTO_CASCADE_CHAINS    ; ON           ; AUTO_CASCADE       ;
; IGNORE_CASCADE_BUFFERS ; OFF          ; IGNORE_CASCADE     ;
+------------------------+--------------+--------------------+
Note: In order to hide this table in the UI and the text report file, please set the "Show Parameter Settings in Synthesis Report" option in "Analysis and Synthesis Settings -> More Settings" to "Off".


+------------------------------------------------------+
; Parameter Settings for User Entity Instance: UC:inst ;
+----------------+-------+-----------------------------+
; Parameter Name ; Value ; Type                        ;
+----------------+-------+-----------------------------+
; state1         ; 0     ; Signed Integer              ;
; state2         ; 1     ; Signed Integer              ;
; state3         ; 2     ; Signed Integer              ;
+----------------+-------+-----------------------------+
Note: In order to hide this table in the UI and the text report file, please set the "Show Parameter Settings in Synthesis Report" option in "Analysis and Synthesis Settings -> More Settings" to "Off".


+---------------------------------------------------------------------------------------------------+
; Parameter Settings for User Entity Instance: lpm_compare2:inst6|lpm_compare:LPM_COMPARE_component ;
+------------------------+--------------+-----------------------------------------------------------+
; Parameter Name         ; Value        ; Type                                                      ;
+------------------------+--------------+-----------------------------------------------------------+
; lpm_width              ; 20           ; Signed Integer                                            ;
; LPM_REPRESENTATION     ; UNSIGNED     ; Untyped                                                   ;
; LPM_PIPELINE           ; 0            ; Untyped                                                   ;
; CHAIN_SIZE             ; 8            ; Untyped                                                   ;
; ONE_INPUT_IS_CONSTANT  ; YES          ; Untyped                                                   ;
; CARRY_CHAIN            ; MANUAL       ; Untyped                                                   ;
; CASCADE_CHAIN          ; MANUAL       ; Untyped                                                   ;
; CARRY_CHAIN_LENGTH     ; 48           ; CARRY_CHAIN_LENGTH                                        ;
; CASCADE_CHAIN_LENGTH   ; 2            ; CASCADE_CHAIN_LENGTH                                      ;
; DEVICE_FAMILY          ; Cyclone IV E ; Untyped                                                   ;
; CBXI_PARAMETER         ; cmpr_idj     ; Untyped                                                   ;
; AUTO_CARRY_CHAINS      ; ON           ; AUTO_CARRY                                                ;
; IGNORE_CARRY_BUFFERS   ; OFF          ; IGNORE_CARRY                                              ;
; AUTO_CASCADE_CHAINS    ; ON           ; AUTO_CASCADE                                              ;
; IGNORE_CASCADE_BUFFERS ; OFF          ; IGNORE_CASCADE                                            ;
+------------------------+--------------+-----------------------------------------------------------+
Note: In order to hide this table in the UI and the text report file, please set the "Show Parameter Settings in Synthesis Report" option in "Analysis and Synthesis Settings -> More Settings" to "Off".


+---------------------------------------------------------------------------------------------------+
; Parameter Settings for User Entity Instance: lpm_compare3:inst7|lpm_compare:LPM_COMPARE_component ;
+------------------------+--------------+-----------------------------------------------------------+
; Parameter Name         ; Value        ; Type                                                      ;
+------------------------+--------------+-----------------------------------------------------------+
; lpm_width              ; 20           ; Signed Integer                                            ;
; LPM_REPRESENTATION     ; UNSIGNED     ; Untyped                                                   ;
; LPM_PIPELINE           ; 0            ; Untyped                                                   ;
; CHAIN_SIZE             ; 8            ; Untyped                                                   ;
; ONE_INPUT_IS_CONSTANT  ; YES          ; Untyped                                                   ;
; CARRY_CHAIN            ; MANUAL       ; Untyped                                                   ;
; CASCADE_CHAIN          ; MANUAL       ; Untyped                                                   ;
; CARRY_CHAIN_LENGTH     ; 48           ; CARRY_CHAIN_LENGTH                                        ;
; CASCADE_CHAIN_LENGTH   ; 2            ; CASCADE_CHAIN_LENGTH                                      ;
; DEVICE_FAMILY          ; Cyclone IV E ; Untyped                                                   ;
; CBXI_PARAMETER         ; cmpr_idj     ; Untyped                                                   ;
; AUTO_CARRY_CHAINS      ; ON           ; AUTO_CARRY                                                ;
; IGNORE_CARRY_BUFFERS   ; OFF          ; IGNORE_CARRY                                              ;
; AUTO_CASCADE_CHAINS    ; ON           ; AUTO_CASCADE                                              ;
; IGNORE_CASCADE_BUFFERS ; OFF          ; IGNORE_CASCADE                                            ;
+------------------------+--------------+-----------------------------------------------------------+
Note: In order to hide this table in the UI and the text report file, please set the "Show Parameter Settings in Synthesis Report" option in "Analysis and Synthesis Settings -> More Settings" to "Off".


+---------------------------------------------------------------------------------------------------+
; Parameter Settings for User Entity Instance: lpm_compare0:inst2|lpm_compare:LPM_COMPARE_component ;
+------------------------+--------------+-----------------------------------------------------------+
; Parameter Name         ; Value        ; Type                                                      ;
+------------------------+--------------+-----------------------------------------------------------+
; lpm_width              ; 20           ; Signed Integer                                            ;
; LPM_REPRESENTATION     ; UNSIGNED     ; Untyped                                                   ;
; LPM_PIPELINE           ; 0            ; Untyped                                                   ;
; CHAIN_SIZE             ; 8            ; Untyped                                                   ;
; ONE_INPUT_IS_CONSTANT  ; YES          ; Untyped                                                   ;
; CARRY_CHAIN            ; MANUAL       ; Untyped                                                   ;
; CASCADE_CHAIN          ; MANUAL       ; Untyped                                                   ;
; CARRY_CHAIN_LENGTH     ; 48           ; CARRY_CHAIN_LENGTH                                        ;
; CASCADE_CHAIN_LENGTH   ; 2            ; CASCADE_CHAIN_LENGTH                                      ;
; DEVICE_FAMILY          ; Cyclone IV E ; Untyped                                                   ;
; CBXI_PARAMETER         ; cmpr_idj     ; Untyped                                                   ;
; AUTO_CARRY_CHAINS      ; ON           ; AUTO_CARRY                                                ;
; IGNORE_CARRY_BUFFERS   ; OFF          ; IGNORE_CARRY                                              ;
; AUTO_CASCADE_CHAINS    ; ON           ; AUTO_CASCADE                                              ;
; IGNORE_CASCADE_BUFFERS ; OFF          ; IGNORE_CASCADE                                            ;
+------------------------+--------------+-----------------------------------------------------------+
Note: In order to hide this table in the UI and the text report file, please set the "Show Parameter Settings in Synthesis Report" option in "Analysis and Synthesis Settings -> More Settings" to "Off".


+-------------------------------+
; Analysis & Synthesis Messages ;
+-------------------------------+
Info: *******************************************************************
Info: Running Quartus II 64-Bit Analysis & Synthesis
    Info: Version 13.0.1 Build 232 06/12/2013 Service Pack 1 SJ Web Edition
    Info: Processing started: Fri Jun 07 22:24:10 2024
Info: Command: quartus_map --read_settings_files=on --write_settings_files=off afinador_violao -c afinador_violao
Warning (20028): Parallel compilation is not licensed and has been disabled
Info (12021): Found 2 design units, including 1 entities, in source file contador_sem_overflow.vhd
    Info (12022): Found design unit 1: contador_sem_overflow-Behavioral
    Info (12023): Found entity 1: contador_sem_overflow
Info (12021): Found 1 design units, including 1 entities, in source file afinador_violao.bdf
    Info (12023): Found entity 1: afinador_violao
Info (12021): Found 2 design units, including 1 entities, in source file lpm_shiftreg0.vhd
    Info (12022): Found design unit 1: lpm_shiftreg0-SYN
    Info (12023): Found entity 1: lpm_shiftreg0
Info (12021): Found 2 design units, including 1 entities, in source file lpm_compare0.vhd
    Info (12022): Found design unit 1: lpm_compare0-SYN
    Info (12023): Found entity 1: lpm_compare0
Info (12021): Found 2 design units, including 1 entities, in source file lpm_compare1.vhd
    Info (12022): Found design unit 1: lpm_compare1-SYN
    Info (12023): Found entity 1: lpm_compare1
Info (12021): Found 2 design units, including 1 entities, in source file lpm_compare2.vhd
    Info (12022): Found design unit 1: lpm_compare2-SYN
    Info (12023): Found entity 1: lpm_compare2
Info (12021): Found 2 design units, including 1 entities, in source file lpm_compare3.vhd
    Info (12022): Found design unit 1: lpm_compare3-SYN
    Info (12023): Found entity 1: lpm_compare3
Info (12127): Elaborating entity "afinador_violao" for the top level hierarchy
Info (12128): Elaborating entity "lpm_compare1" for hierarchy "lpm_compare1:inst5"
Info (12128): Elaborating entity "lpm_compare" for hierarchy "lpm_compare1:inst5|lpm_compare:LPM_COMPARE_component"
Info (12130): Elaborated megafunction instantiation "lpm_compare1:inst5|lpm_compare:LPM_COMPARE_component"
Info (12133): Instantiated megafunction "lpm_compare1:inst5|lpm_compare:LPM_COMPARE_component" with the following parameter:
    Info (12134): Parameter "lpm_hint" = "ONE_INPUT_IS_CONSTANT=YES"
    Info (12134): Parameter "lpm_representation" = "UNSIGNED"
    Info (12134): Parameter "lpm_type" = "LPM_COMPARE"
    Info (12134): Parameter "lpm_width" = "20"
Info (12021): Found 1 design units, including 1 entities, in source file db/cmpr_idj.tdf
    Info (12023): Found entity 1: cmpr_idj
Info (12128): Elaborating entity "cmpr_idj" for hierarchy "lpm_compare1:inst5|lpm_compare:LPM_COMPARE_component|cmpr_idj:auto_generated"
Info (12128): Elaborating entity "LPM_DFF" for hierarchy "LPM_DFF:inst9"
Info (12130): Elaborated megafunction instantiation "LPM_DFF:inst9"
Info (12133): Instantiated megafunction "LPM_DFF:inst9" with the following parameter:
    Info (12134): Parameter "LPM_WIDTH" = "20"
Warning (12125): Using design file uc.v, which is not specified as a design file for the current project, but contains definitions for 1 design units and 1 entities in project
    Info (12023): Found entity 1: UC
Warning (12300): Found the following files while searching for definition of entity "UC", but did not use these files because already using a different file containing the entity definition
    Warning (12126): File: UC.vhd
Info (12128): Elaborating entity "UC" for hierarchy "UC:inst"
Info (12128): Elaborating entity "contador_sem_overflow" for hierarchy "contador_sem_overflow:inst1"
Warning (10620): VHDL warning at contador_sem_overflow.vhd(24): comparison between unequal length operands always returns TRUE
Info (12128): Elaborating entity "lpm_compare2" for hierarchy "lpm_compare2:inst6"
Info (12128): Elaborating entity "lpm_compare" for hierarchy "lpm_compare2:inst6|lpm_compare:LPM_COMPARE_component"
Info (12130): Elaborated megafunction instantiation "lpm_compare2:inst6|lpm_compare:LPM_COMPARE_component"
Info (12133): Instantiated megafunction "lpm_compare2:inst6|lpm_compare:LPM_COMPARE_component" with the following parameter:
    Info (12134): Parameter "lpm_hint" = "ONE_INPUT_IS_CONSTANT=YES"
    Info (12134): Parameter "lpm_representation" = "UNSIGNED"
    Info (12134): Parameter "lpm_type" = "LPM_COMPARE"
    Info (12134): Parameter "lpm_width" = "20"
Info (12128): Elaborating entity "lpm_compare3" for hierarchy "lpm_compare3:inst7"
Info (12128): Elaborating entity "lpm_compare" for hierarchy "lpm_compare3:inst7|lpm_compare:LPM_COMPARE_component"
Info (12130): Elaborated megafunction instantiation "lpm_compare3:inst7|lpm_compare:LPM_COMPARE_component"
Info (12133): Instantiated megafunction "lpm_compare3:inst7|lpm_compare:LPM_COMPARE_component" with the following parameter:
    Info (12134): Parameter "lpm_hint" = "ONE_INPUT_IS_CONSTANT=YES"
    Info (12134): Parameter "lpm_representation" = "UNSIGNED"
    Info (12134): Parameter "lpm_type" = "LPM_COMPARE"
    Info (12134): Parameter "lpm_width" = "20"
Info (12128): Elaborating entity "lpm_compare0" for hierarchy "lpm_compare0:inst2"
Info (12128): Elaborating entity "lpm_compare" for hierarchy "lpm_compare0:inst2|lpm_compare:LPM_COMPARE_component"
Info (12130): Elaborated megafunction instantiation "lpm_compare0:inst2|lpm_compare:LPM_COMPARE_component"
Info (12133): Instantiated megafunction "lpm_compare0:inst2|lpm_compare:LPM_COMPARE_component" with the following parameter:
    Info (12134): Parameter "lpm_hint" = "ONE_INPUT_IS_CONSTANT=YES"
    Info (12134): Parameter "lpm_representation" = "UNSIGNED"
    Info (12134): Parameter "lpm_type" = "LPM_COMPARE"
    Info (12134): Parameter "lpm_width" = "20"
Error (12002): Port "load_clear" does not exist in macrofunction "inst"
Error: Quartus II 64-Bit Analysis & Synthesis was unsuccessful. 1 error, 5 warnings
    Error: Peak virtual memory: 4630 megabytes
    Error: Processing ended: Fri Jun 07 22:24:11 2024
    Error: Elapsed time: 00:00:01
    Error: Total CPU time (on all processors): 00:00:01


