Simulator report for afinador_violao_qsim
Thu Jul 04 18:24:36 2024
Quartus II 64-Bit Version 13.0.1 Build 232 06/12/2013 Service Pack 1 SJ Web Edition


---------------------
; Table of Contents ;
---------------------
  1. Legal Notice
  2. Simulator Summary
  3. Simulator Settings
  4. Simulation Waveforms
  5. Coverage Summary
  6. Complete 1/0-Value Coverage
  7. Missing 1-Value Coverage
  8. Missing 0-Value Coverage
  9. Simulator INI Usage
 10. Simulator Messages



----------------
; Legal Notice ;
----------------
Copyright (C) 1991-2013 Altera Corporation
Your use of Altera Corporation's design tools, logic functions 
and other software and tools, and its AMPP partner logic 
functions, and any output files from any of the foregoing 
(including device programming or simulation files), and any 
associated documentation or information are expressly subject 
to the terms and conditions of the Altera Program License 
Subscription Agreement, Altera MegaCore Function License 
Agreement, or other applicable license agreement, including, 
without limitation, that your use is for the sole purpose of 
programming logic devices manufactured by Altera and sold by 
Altera or its authorized distributors.  Please refer to the 
applicable agreement for further details.



+--------------------------------------------+
; Simulator Summary                          ;
+-----------------------------+--------------+
; Type                        ; Value        ;
+-----------------------------+--------------+
; Simulation Start Time       ; 0 ps         ;
; Simulation End Time         ; 1.0 us       ;
; Simulation Netlist Size     ; 208 nodes    ;
; Simulation Coverage         ;      70.33 % ;
; Total Number of Transitions ; 483108       ;
; Simulation Breakpoints      ; 0            ;
; Family                      ; Cyclone III  ;
+-----------------------------+--------------+


+---------------------------------------------------------------------------------------------------------------------------------------------------------------------------------+
; Simulator Settings                                                                                                                                                              ;
+--------------------------------------------------------------------------------------------+--------------------------------------------------------------------+---------------+
; Option                                                                                     ; Setting                                                            ; Default Value ;
+--------------------------------------------------------------------------------------------+--------------------------------------------------------------------+---------------+
; Simulation mode                                                                            ; Functional                                                         ; Timing        ;
; Start time                                                                                 ; 0 ns                                                               ; 0 ns          ;
; Simulation results format                                                                  ; VWF                                                                ;               ;
; Vector input source                                                                        ; C:/Users/Joao/Desktop/VIOLAO/afinador-violao/simulacao-gerador.vwf ;               ;
; Add pins automatically to simulation output waveforms                                      ; On                                                                 ; On            ;
; Check outputs                                                                              ; Off                                                                ; Off           ;
; Report simulation coverage                                                                 ; On                                                                 ; On            ;
; Display complete 1/0 value coverage report                                                 ; On                                                                 ; On            ;
; Display missing 1-value coverage report                                                    ; On                                                                 ; On            ;
; Display missing 0-value coverage report                                                    ; On                                                                 ; On            ;
; Detect setup and hold time violations                                                      ; Off                                                                ; Off           ;
; Detect glitches                                                                            ; Off                                                                ; Off           ;
; Disable timing delays in Timing Simulation                                                 ; Off                                                                ; Off           ;
; Generate Signal Activity File                                                              ; Off                                                                ; Off           ;
; Generate VCD File for PowerPlay Power Analyzer                                             ; Off                                                                ; Off           ;
; Group bus channels in simulation results                                                   ; Off                                                                ; Off           ;
; Preserve fewer signal transitions to reduce memory requirements                            ; On                                                                 ; On            ;
; Trigger vector comparison with the specified mode                                          ; INPUT_EDGE                                                         ; INPUT_EDGE    ;
; Disable setup and hold time violations detection in input registers of bi-directional pins ; Off                                                                ; Off           ;
; Overwrite Waveform Inputs With Simulation Outputs                                          ; Off                                                                ;               ;
; Perform Glitch Filtering in Timing Simulation                                              ; Auto                                                               ; Auto          ;
; Interconnect Delay Model Type                                                              ; Transport                                                          ; Transport     ;
; Cell Delay Model Type                                                                      ; Transport                                                          ; Transport     ;
+--------------------------------------------------------------------------------------------+--------------------------------------------------------------------+---------------+


+----------------------+
; Simulation Waveforms ;
+----------------------+
Waveform report data cannot be output to ASCII.
Please use Quartus II 64-Bit to view the waveform report data.


+--------------------------------------------------------------------+
; Coverage Summary                                                   ;
+-----------------------------------------------------+--------------+
; Type                                                ; Value        ;
+-----------------------------------------------------+--------------+
; Total coverage as a percentage                      ;      70.33 % ;
; Total nodes checked                                 ; 208          ;
; Total output ports checked                          ; 246          ;
; Total output ports with complete 1/0-value coverage ; 173          ;
; Total output ports with no 1/0-value coverage       ; 66           ;
; Total output ports with no 1-value coverage         ; 66           ;
; Total output ports with no 0-value coverage         ; 73           ;
+-----------------------------------------------------+--------------+


The following table displays output ports that toggle between 1 and 0 during simulation.
+------------------------------------------------------------------------------------------------------------------------------------------------------------------------------------------------------------------------------------------------------+
; Complete 1/0-Value Coverage                                                                                                                                                                                                                          ;
+----------------------------------------------------------------------------------------------------------------+------------------------------------------------------------------------------------------------------------------+------------------+
; Node Name                                                                                                      ; Output Port Name                                                                                                 ; Output Port Type ;
+----------------------------------------------------------------------------------------------------------------+------------------------------------------------------------------------------------------------------------------+------------------+
; |oscilador|saida                                                                                               ; |oscilador|saida                                                                                                 ; pin_out          ;
; |oscilador|inst3                                                                                               ; |oscilador|inst3                                                                                                 ; regout           ;
; |oscilador|inst1                                                                                               ; |oscilador|inst1                                                                                                 ; regout           ;
; |oscilador|clock                                                                                               ; |oscilador|clock                                                                                                 ; out              ;
; |oscilador|up_down                                                                                             ; |oscilador|up_down                                                                                               ; out              ;
; |oscilador|ddd_q                                                                                               ; |oscilador|ddd_q                                                                                                 ; pin_out          ;
; |oscilador|counter0_saida[6]                                                                                   ; |oscilador|counter0_saida[6]                                                                                     ; pin_out          ;
; |oscilador|counter0_saida[5]                                                                                   ; |oscilador|counter0_saida[5]                                                                                     ; pin_out          ;
; |oscilador|counter0_saida[4]                                                                                   ; |oscilador|counter0_saida[4]                                                                                     ; pin_out          ;
; |oscilador|counter0_saida[3]                                                                                   ; |oscilador|counter0_saida[3]                                                                                     ; pin_out          ;
; |oscilador|counter0_saida[2]                                                                                   ; |oscilador|counter0_saida[2]                                                                                     ; pin_out          ;
; |oscilador|counter0_saida[1]                                                                                   ; |oscilador|counter0_saida[1]                                                                                     ; pin_out          ;
; |oscilador|counter0_saida[0]                                                                                   ; |oscilador|counter0_saida[0]                                                                                     ; pin_out          ;
; |oscilador|counter2_saida[12]                                                                                  ; |oscilador|counter2_saida[12]                                                                                    ; pin_out          ;
; |oscilador|counter2_saida[11]                                                                                  ; |oscilador|counter2_saida[11]                                                                                    ; pin_out          ;
; |oscilador|counter2_saida[10]                                                                                  ; |oscilador|counter2_saida[10]                                                                                    ; pin_out          ;
; |oscilador|counter2_saida[9]                                                                                   ; |oscilador|counter2_saida[9]                                                                                     ; pin_out          ;
; |oscilador|counter2_saida[8]                                                                                   ; |oscilador|counter2_saida[8]                                                                                     ; pin_out          ;
; |oscilador|counter2_saida[7]                                                                                   ; |oscilador|counter2_saida[7]                                                                                     ; pin_out          ;
; |oscilador|counter2_saida[6]                                                                                   ; |oscilador|counter2_saida[6]                                                                                     ; pin_out          ;
; |oscilador|counter2_saida[5]                                                                                   ; |oscilador|counter2_saida[5]                                                                                     ; pin_out          ;
; |oscilador|counter2_saida[4]                                                                                   ; |oscilador|counter2_saida[4]                                                                                     ; pin_out          ;
; |oscilador|counter2_saida[3]                                                                                   ; |oscilador|counter2_saida[3]                                                                                     ; pin_out          ;
; |oscilador|counter2_saida[2]                                                                                   ; |oscilador|counter2_saida[2]                                                                                     ; pin_out          ;
; |oscilador|counter2_saida[1]                                                                                   ; |oscilador|counter2_saida[1]                                                                                     ; pin_out          ;
; |oscilador|counter2_saida[0]                                                                                   ; |oscilador|counter2_saida[0]                                                                                     ; pin_out          ;
; |oscilador|lpm_counter0:inst|lpm_counter:LPM_COUNTER_component|cntr_v2j:auto_generated|counter_comb_bita0      ; |oscilador|lpm_counter0:inst|lpm_counter:LPM_COUNTER_component|cntr_v2j:auto_generated|counter_comb_bita0        ; combout          ;
; |oscilador|lpm_counter0:inst|lpm_counter:LPM_COUNTER_component|cntr_v2j:auto_generated|counter_comb_bita0      ; |oscilador|lpm_counter0:inst|lpm_counter:LPM_COUNTER_component|cntr_v2j:auto_generated|counter_comb_bita0~COUT   ; cout             ;
; |oscilador|lpm_counter0:inst|lpm_counter:LPM_COUNTER_component|cntr_v2j:auto_generated|counter_comb_bita1      ; |oscilador|lpm_counter0:inst|lpm_counter:LPM_COUNTER_component|cntr_v2j:auto_generated|counter_comb_bita1        ; combout          ;
; |oscilador|lpm_counter0:inst|lpm_counter:LPM_COUNTER_component|cntr_v2j:auto_generated|counter_comb_bita1      ; |oscilador|lpm_counter0:inst|lpm_counter:LPM_COUNTER_component|cntr_v2j:auto_generated|counter_comb_bita1~COUT   ; cout             ;
; |oscilador|lpm_counter0:inst|lpm_counter:LPM_COUNTER_component|cntr_v2j:auto_generated|counter_comb_bita2      ; |oscilador|lpm_counter0:inst|lpm_counter:LPM_COUNTER_component|cntr_v2j:auto_generated|counter_comb_bita2        ; combout          ;
; |oscilador|lpm_counter0:inst|lpm_counter:LPM_COUNTER_component|cntr_v2j:auto_generated|counter_comb_bita2      ; |oscilador|lpm_counter0:inst|lpm_counter:LPM_COUNTER_component|cntr_v2j:auto_generated|counter_comb_bita2~COUT   ; cout             ;
; |oscilador|lpm_counter0:inst|lpm_counter:LPM_COUNTER_component|cntr_v2j:auto_generated|counter_comb_bita3      ; |oscilador|lpm_counter0:inst|lpm_counter:LPM_COUNTER_component|cntr_v2j:auto_generated|counter_comb_bita3        ; combout          ;
; |oscilador|lpm_counter0:inst|lpm_counter:LPM_COUNTER_component|cntr_v2j:auto_generated|counter_comb_bita3      ; |oscilador|lpm_counter0:inst|lpm_counter:LPM_COUNTER_component|cntr_v2j:auto_generated|counter_comb_bita3~COUT   ; cout             ;
; |oscilador|lpm_counter0:inst|lpm_counter:LPM_COUNTER_component|cntr_v2j:auto_generated|counter_comb_bita4      ; |oscilador|lpm_counter0:inst|lpm_counter:LPM_COUNTER_component|cntr_v2j:auto_generated|counter_comb_bita4        ; combout          ;
; |oscilador|lpm_counter0:inst|lpm_counter:LPM_COUNTER_component|cntr_v2j:auto_generated|counter_comb_bita4      ; |oscilador|lpm_counter0:inst|lpm_counter:LPM_COUNTER_component|cntr_v2j:auto_generated|counter_comb_bita4~COUT   ; cout             ;
; |oscilador|lpm_counter0:inst|lpm_counter:LPM_COUNTER_component|cntr_v2j:auto_generated|counter_comb_bita5      ; |oscilador|lpm_counter0:inst|lpm_counter:LPM_COUNTER_component|cntr_v2j:auto_generated|counter_comb_bita5        ; combout          ;
; |oscilador|lpm_counter0:inst|lpm_counter:LPM_COUNTER_component|cntr_v2j:auto_generated|counter_comb_bita5      ; |oscilador|lpm_counter0:inst|lpm_counter:LPM_COUNTER_component|cntr_v2j:auto_generated|counter_comb_bita5~COUT   ; cout             ;
; |oscilador|lpm_counter0:inst|lpm_counter:LPM_COUNTER_component|cntr_v2j:auto_generated|counter_comb_bita6      ; |oscilador|lpm_counter0:inst|lpm_counter:LPM_COUNTER_component|cntr_v2j:auto_generated|counter_comb_bita6        ; combout          ;
; |oscilador|lpm_counter0:inst|lpm_counter:LPM_COUNTER_component|cntr_v2j:auto_generated|counter_comb_bita6      ; |oscilador|lpm_counter0:inst|lpm_counter:LPM_COUNTER_component|cntr_v2j:auto_generated|counter_comb_bita6~COUT   ; cout             ;
; |oscilador|lpm_counter0:inst|lpm_counter:LPM_COUNTER_component|cntr_v2j:auto_generated|counter_comb_bita7      ; |oscilador|lpm_counter0:inst|lpm_counter:LPM_COUNTER_component|cntr_v2j:auto_generated|counter_comb_bita7        ; combout          ;
; |oscilador|lpm_counter0:inst|lpm_counter:LPM_COUNTER_component|cntr_v2j:auto_generated|counter_comb_bita7      ; |oscilador|lpm_counter0:inst|lpm_counter:LPM_COUNTER_component|cntr_v2j:auto_generated|counter_comb_bita7~COUT   ; cout             ;
; |oscilador|lpm_counter0:inst|lpm_counter:LPM_COUNTER_component|cntr_v2j:auto_generated|counter_comb_bita8      ; |oscilador|lpm_counter0:inst|lpm_counter:LPM_COUNTER_component|cntr_v2j:auto_generated|counter_comb_bita8        ; combout          ;
; |oscilador|lpm_counter0:inst|lpm_counter:LPM_COUNTER_component|cntr_v2j:auto_generated|counter_comb_bita8      ; |oscilador|lpm_counter0:inst|lpm_counter:LPM_COUNTER_component|cntr_v2j:auto_generated|counter_comb_bita8~COUT   ; cout             ;
; |oscilador|lpm_counter0:inst|lpm_counter:LPM_COUNTER_component|cntr_v2j:auto_generated|counter_comb_bita9      ; |oscilador|lpm_counter0:inst|lpm_counter:LPM_COUNTER_component|cntr_v2j:auto_generated|counter_comb_bita9        ; combout          ;
; |oscilador|lpm_counter0:inst|lpm_counter:LPM_COUNTER_component|cntr_v2j:auto_generated|counter_comb_bita9      ; |oscilador|lpm_counter0:inst|lpm_counter:LPM_COUNTER_component|cntr_v2j:auto_generated|counter_comb_bita9~COUT   ; cout             ;
; |oscilador|lpm_counter0:inst|lpm_counter:LPM_COUNTER_component|cntr_v2j:auto_generated|counter_comb_bita10     ; |oscilador|lpm_counter0:inst|lpm_counter:LPM_COUNTER_component|cntr_v2j:auto_generated|counter_comb_bita10       ; combout          ;
; |oscilador|lpm_counter0:inst|lpm_counter:LPM_COUNTER_component|cntr_v2j:auto_generated|counter_comb_bita10     ; |oscilador|lpm_counter0:inst|lpm_counter:LPM_COUNTER_component|cntr_v2j:auto_generated|counter_comb_bita10~COUT  ; cout             ;
; |oscilador|lpm_counter0:inst|lpm_counter:LPM_COUNTER_component|cntr_v2j:auto_generated|counter_comb_bita11     ; |oscilador|lpm_counter0:inst|lpm_counter:LPM_COUNTER_component|cntr_v2j:auto_generated|counter_comb_bita11       ; combout          ;
; |oscilador|lpm_counter0:inst|lpm_counter:LPM_COUNTER_component|cntr_v2j:auto_generated|counter_comb_bita11     ; |oscilador|lpm_counter0:inst|lpm_counter:LPM_COUNTER_component|cntr_v2j:auto_generated|counter_comb_bita11~COUT  ; cout             ;
; |oscilador|lpm_counter0:inst|lpm_counter:LPM_COUNTER_component|cntr_v2j:auto_generated|counter_comb_bita12     ; |oscilador|lpm_counter0:inst|lpm_counter:LPM_COUNTER_component|cntr_v2j:auto_generated|counter_comb_bita12       ; combout          ;
; |oscilador|lpm_counter0:inst|lpm_counter:LPM_COUNTER_component|cntr_v2j:auto_generated|counter_comb_bita12     ; |oscilador|lpm_counter0:inst|lpm_counter:LPM_COUNTER_component|cntr_v2j:auto_generated|counter_comb_bita12~COUT  ; cout             ;
; |oscilador|lpm_counter0:inst|lpm_counter:LPM_COUNTER_component|cntr_v2j:auto_generated|counter_comb_bita13     ; |oscilador|lpm_counter0:inst|lpm_counter:LPM_COUNTER_component|cntr_v2j:auto_generated|counter_comb_bita13       ; combout          ;
; |oscilador|lpm_counter0:inst|lpm_counter:LPM_COUNTER_component|cntr_v2j:auto_generated|counter_comb_bita13     ; |oscilador|lpm_counter0:inst|lpm_counter:LPM_COUNTER_component|cntr_v2j:auto_generated|counter_comb_bita13~COUT  ; cout             ;
; |oscilador|lpm_counter0:inst|lpm_counter:LPM_COUNTER_component|cntr_v2j:auto_generated|counter_comb_bita14     ; |oscilador|lpm_counter0:inst|lpm_counter:LPM_COUNTER_component|cntr_v2j:auto_generated|counter_comb_bita14       ; combout          ;
; |oscilador|lpm_counter0:inst|lpm_counter:LPM_COUNTER_component|cntr_v2j:auto_generated|counter_comb_bita14     ; |oscilador|lpm_counter0:inst|lpm_counter:LPM_COUNTER_component|cntr_v2j:auto_generated|counter_comb_bita14~COUT  ; cout             ;
; |oscilador|lpm_counter0:inst|lpm_counter:LPM_COUNTER_component|cntr_v2j:auto_generated|counter_comb_bita15     ; |oscilador|lpm_counter0:inst|lpm_counter:LPM_COUNTER_component|cntr_v2j:auto_generated|counter_comb_bita15       ; combout          ;
; |oscilador|lpm_counter0:inst|lpm_counter:LPM_COUNTER_component|cntr_v2j:auto_generated|counter_comb_bita15     ; |oscilador|lpm_counter0:inst|lpm_counter:LPM_COUNTER_component|cntr_v2j:auto_generated|counter_comb_bita15~COUT  ; cout             ;
; |oscilador|lpm_counter0:inst|lpm_counter:LPM_COUNTER_component|cntr_v2j:auto_generated|counter_comb_bita16     ; |oscilador|lpm_counter0:inst|lpm_counter:LPM_COUNTER_component|cntr_v2j:auto_generated|counter_comb_bita16       ; combout          ;
; |oscilador|lpm_counter0:inst|lpm_counter:LPM_COUNTER_component|cntr_v2j:auto_generated|counter_comb_bita16     ; |oscilador|lpm_counter0:inst|lpm_counter:LPM_COUNTER_component|cntr_v2j:auto_generated|counter_comb_bita16~COUT  ; cout             ;
; |oscilador|lpm_counter0:inst|lpm_counter:LPM_COUNTER_component|cntr_v2j:auto_generated|counter_comb_bita17     ; |oscilador|lpm_counter0:inst|lpm_counter:LPM_COUNTER_component|cntr_v2j:auto_generated|counter_comb_bita17       ; combout          ;
; |oscilador|lpm_counter0:inst|lpm_counter:LPM_COUNTER_component|cntr_v2j:auto_generated|counter_comb_bita17     ; |oscilador|lpm_counter0:inst|lpm_counter:LPM_COUNTER_component|cntr_v2j:auto_generated|counter_comb_bita17~COUT  ; cout             ;
; |oscilador|lpm_counter0:inst|lpm_counter:LPM_COUNTER_component|cntr_v2j:auto_generated|counter_comb_bita18     ; |oscilador|lpm_counter0:inst|lpm_counter:LPM_COUNTER_component|cntr_v2j:auto_generated|counter_comb_bita18       ; combout          ;
; |oscilador|lpm_counter0:inst|lpm_counter:LPM_COUNTER_component|cntr_v2j:auto_generated|counter_comb_bita18     ; |oscilador|lpm_counter0:inst|lpm_counter:LPM_COUNTER_component|cntr_v2j:auto_generated|counter_comb_bita18~COUT  ; cout             ;
; |oscilador|lpm_counter0:inst|lpm_counter:LPM_COUNTER_component|cntr_v2j:auto_generated|counter_comb_bita19     ; |oscilador|lpm_counter0:inst|lpm_counter:LPM_COUNTER_component|cntr_v2j:auto_generated|counter_comb_bita19       ; combout          ;
; |oscilador|lpm_counter0:inst|lpm_counter:LPM_COUNTER_component|cntr_v2j:auto_generated|counter_reg_bit[6]      ; |oscilador|lpm_counter0:inst|lpm_counter:LPM_COUNTER_component|cntr_v2j:auto_generated|counter_reg_bit[6]        ; regout           ;
; |oscilador|lpm_counter0:inst|lpm_counter:LPM_COUNTER_component|cntr_v2j:auto_generated|counter_reg_bit[5]      ; |oscilador|lpm_counter0:inst|lpm_counter:LPM_COUNTER_component|cntr_v2j:auto_generated|counter_reg_bit[5]        ; regout           ;
; |oscilador|lpm_counter0:inst|lpm_counter:LPM_COUNTER_component|cntr_v2j:auto_generated|counter_reg_bit[4]      ; |oscilador|lpm_counter0:inst|lpm_counter:LPM_COUNTER_component|cntr_v2j:auto_generated|counter_reg_bit[4]        ; regout           ;
; |oscilador|lpm_counter0:inst|lpm_counter:LPM_COUNTER_component|cntr_v2j:auto_generated|counter_reg_bit[3]      ; |oscilador|lpm_counter0:inst|lpm_counter:LPM_COUNTER_component|cntr_v2j:auto_generated|counter_reg_bit[3]        ; regout           ;
; |oscilador|lpm_counter0:inst|lpm_counter:LPM_COUNTER_component|cntr_v2j:auto_generated|counter_reg_bit[2]      ; |oscilador|lpm_counter0:inst|lpm_counter:LPM_COUNTER_component|cntr_v2j:auto_generated|counter_reg_bit[2]        ; regout           ;
; |oscilador|lpm_counter0:inst|lpm_counter:LPM_COUNTER_component|cntr_v2j:auto_generated|counter_reg_bit[1]      ; |oscilador|lpm_counter0:inst|lpm_counter:LPM_COUNTER_component|cntr_v2j:auto_generated|counter_reg_bit[1]        ; regout           ;
; |oscilador|lpm_counter0:inst|lpm_counter:LPM_COUNTER_component|cntr_v2j:auto_generated|counter_reg_bit[0]      ; |oscilador|lpm_counter0:inst|lpm_counter:LPM_COUNTER_component|cntr_v2j:auto_generated|counter_reg_bit[0]        ; regout           ;
; |oscilador|lpm_counter2:inst6|lpm_counter:LPM_COUNTER_component|cntr_38i:auto_generated|counter_comb_bita0     ; |oscilador|lpm_counter2:inst6|lpm_counter:LPM_COUNTER_component|cntr_38i:auto_generated|counter_comb_bita0       ; combout          ;
; |oscilador|lpm_counter2:inst6|lpm_counter:LPM_COUNTER_component|cntr_38i:auto_generated|counter_comb_bita0     ; |oscilador|lpm_counter2:inst6|lpm_counter:LPM_COUNTER_component|cntr_38i:auto_generated|counter_comb_bita0~COUT  ; cout             ;
; |oscilador|lpm_counter2:inst6|lpm_counter:LPM_COUNTER_component|cntr_38i:auto_generated|counter_comb_bita1     ; |oscilador|lpm_counter2:inst6|lpm_counter:LPM_COUNTER_component|cntr_38i:auto_generated|counter_comb_bita1       ; combout          ;
; |oscilador|lpm_counter2:inst6|lpm_counter:LPM_COUNTER_component|cntr_38i:auto_generated|counter_comb_bita1     ; |oscilador|lpm_counter2:inst6|lpm_counter:LPM_COUNTER_component|cntr_38i:auto_generated|counter_comb_bita1~COUT  ; cout             ;
; |oscilador|lpm_counter2:inst6|lpm_counter:LPM_COUNTER_component|cntr_38i:auto_generated|counter_comb_bita2     ; |oscilador|lpm_counter2:inst6|lpm_counter:LPM_COUNTER_component|cntr_38i:auto_generated|counter_comb_bita2       ; combout          ;
; |oscilador|lpm_counter2:inst6|lpm_counter:LPM_COUNTER_component|cntr_38i:auto_generated|counter_comb_bita2     ; |oscilador|lpm_counter2:inst6|lpm_counter:LPM_COUNTER_component|cntr_38i:auto_generated|counter_comb_bita2~COUT  ; cout             ;
; |oscilador|lpm_counter2:inst6|lpm_counter:LPM_COUNTER_component|cntr_38i:auto_generated|counter_comb_bita3     ; |oscilador|lpm_counter2:inst6|lpm_counter:LPM_COUNTER_component|cntr_38i:auto_generated|counter_comb_bita3       ; combout          ;
; |oscilador|lpm_counter2:inst6|lpm_counter:LPM_COUNTER_component|cntr_38i:auto_generated|counter_comb_bita3     ; |oscilador|lpm_counter2:inst6|lpm_counter:LPM_COUNTER_component|cntr_38i:auto_generated|counter_comb_bita3~COUT  ; cout             ;
; |oscilador|lpm_counter2:inst6|lpm_counter:LPM_COUNTER_component|cntr_38i:auto_generated|counter_comb_bita4     ; |oscilador|lpm_counter2:inst6|lpm_counter:LPM_COUNTER_component|cntr_38i:auto_generated|counter_comb_bita4       ; combout          ;
; |oscilador|lpm_counter2:inst6|lpm_counter:LPM_COUNTER_component|cntr_38i:auto_generated|counter_comb_bita4     ; |oscilador|lpm_counter2:inst6|lpm_counter:LPM_COUNTER_component|cntr_38i:auto_generated|counter_comb_bita4~COUT  ; cout             ;
; |oscilador|lpm_counter2:inst6|lpm_counter:LPM_COUNTER_component|cntr_38i:auto_generated|counter_comb_bita5     ; |oscilador|lpm_counter2:inst6|lpm_counter:LPM_COUNTER_component|cntr_38i:auto_generated|counter_comb_bita5       ; combout          ;
; |oscilador|lpm_counter2:inst6|lpm_counter:LPM_COUNTER_component|cntr_38i:auto_generated|counter_comb_bita5     ; |oscilador|lpm_counter2:inst6|lpm_counter:LPM_COUNTER_component|cntr_38i:auto_generated|counter_comb_bita5~COUT  ; cout             ;
; |oscilador|lpm_counter2:inst6|lpm_counter:LPM_COUNTER_component|cntr_38i:auto_generated|counter_comb_bita6     ; |oscilador|lpm_counter2:inst6|lpm_counter:LPM_COUNTER_component|cntr_38i:auto_generated|counter_comb_bita6       ; combout          ;
; |oscilador|lpm_counter2:inst6|lpm_counter:LPM_COUNTER_component|cntr_38i:auto_generated|counter_comb_bita6     ; |oscilador|lpm_counter2:inst6|lpm_counter:LPM_COUNTER_component|cntr_38i:auto_generated|counter_comb_bita6~COUT  ; cout             ;
; |oscilador|lpm_counter2:inst6|lpm_counter:LPM_COUNTER_component|cntr_38i:auto_generated|counter_comb_bita7     ; |oscilador|lpm_counter2:inst6|lpm_counter:LPM_COUNTER_component|cntr_38i:auto_generated|counter_comb_bita7       ; combout          ;
; |oscilador|lpm_counter2:inst6|lpm_counter:LPM_COUNTER_component|cntr_38i:auto_generated|counter_comb_bita7     ; |oscilador|lpm_counter2:inst6|lpm_counter:LPM_COUNTER_component|cntr_38i:auto_generated|counter_comb_bita7~COUT  ; cout             ;
; |oscilador|lpm_counter2:inst6|lpm_counter:LPM_COUNTER_component|cntr_38i:auto_generated|counter_comb_bita8     ; |oscilador|lpm_counter2:inst6|lpm_counter:LPM_COUNTER_component|cntr_38i:auto_generated|counter_comb_bita8       ; combout          ;
; |oscilador|lpm_counter2:inst6|lpm_counter:LPM_COUNTER_component|cntr_38i:auto_generated|counter_comb_bita8     ; |oscilador|lpm_counter2:inst6|lpm_counter:LPM_COUNTER_component|cntr_38i:auto_generated|counter_comb_bita8~COUT  ; cout             ;
; |oscilador|lpm_counter2:inst6|lpm_counter:LPM_COUNTER_component|cntr_38i:auto_generated|counter_comb_bita9     ; |oscilador|lpm_counter2:inst6|lpm_counter:LPM_COUNTER_component|cntr_38i:auto_generated|counter_comb_bita9       ; combout          ;
; |oscilador|lpm_counter2:inst6|lpm_counter:LPM_COUNTER_component|cntr_38i:auto_generated|counter_comb_bita9     ; |oscilador|lpm_counter2:inst6|lpm_counter:LPM_COUNTER_component|cntr_38i:auto_generated|counter_comb_bita9~COUT  ; cout             ;
; |oscilador|lpm_counter2:inst6|lpm_counter:LPM_COUNTER_component|cntr_38i:auto_generated|counter_comb_bita10    ; |oscilador|lpm_counter2:inst6|lpm_counter:LPM_COUNTER_component|cntr_38i:auto_generated|counter_comb_bita10      ; combout          ;
; |oscilador|lpm_counter2:inst6|lpm_counter:LPM_COUNTER_component|cntr_38i:auto_generated|counter_comb_bita10    ; |oscilador|lpm_counter2:inst6|lpm_counter:LPM_COUNTER_component|cntr_38i:auto_generated|counter_comb_bita10~COUT ; cout             ;
; |oscilador|lpm_counter2:inst6|lpm_counter:LPM_COUNTER_component|cntr_38i:auto_generated|counter_comb_bita11    ; |oscilador|lpm_counter2:inst6|lpm_counter:LPM_COUNTER_component|cntr_38i:auto_generated|counter_comb_bita11      ; combout          ;
; |oscilador|lpm_counter2:inst6|lpm_counter:LPM_COUNTER_component|cntr_38i:auto_generated|counter_comb_bita11    ; |oscilador|lpm_counter2:inst6|lpm_counter:LPM_COUNTER_component|cntr_38i:auto_generated|counter_comb_bita11~COUT ; cout             ;
; |oscilador|lpm_counter2:inst6|lpm_counter:LPM_COUNTER_component|cntr_38i:auto_generated|counter_comb_bita12    ; |oscilador|lpm_counter2:inst6|lpm_counter:LPM_COUNTER_component|cntr_38i:auto_generated|counter_comb_bita12      ; combout          ;
; |oscilador|lpm_counter2:inst6|lpm_counter:LPM_COUNTER_component|cntr_38i:auto_generated|counter_comb_bita12    ; |oscilador|lpm_counter2:inst6|lpm_counter:LPM_COUNTER_component|cntr_38i:auto_generated|counter_comb_bita12~COUT ; cout             ;
; |oscilador|lpm_counter2:inst6|lpm_counter:LPM_COUNTER_component|cntr_38i:auto_generated|counter_comb_bita13    ; |oscilador|lpm_counter2:inst6|lpm_counter:LPM_COUNTER_component|cntr_38i:auto_generated|counter_comb_bita13      ; combout          ;
; |oscilador|lpm_counter2:inst6|lpm_counter:LPM_COUNTER_component|cntr_38i:auto_generated|counter_comb_bita13    ; |oscilador|lpm_counter2:inst6|lpm_counter:LPM_COUNTER_component|cntr_38i:auto_generated|counter_comb_bita13~COUT ; cout             ;
; |oscilador|lpm_counter2:inst6|lpm_counter:LPM_COUNTER_component|cntr_38i:auto_generated|counter_comb_bita14    ; |oscilador|lpm_counter2:inst6|lpm_counter:LPM_COUNTER_component|cntr_38i:auto_generated|counter_comb_bita14      ; combout          ;
; |oscilador|lpm_counter2:inst6|lpm_counter:LPM_COUNTER_component|cntr_38i:auto_generated|counter_reg_bit[12]    ; |oscilador|lpm_counter2:inst6|lpm_counter:LPM_COUNTER_component|cntr_38i:auto_generated|counter_reg_bit[12]      ; regout           ;
; |oscilador|lpm_counter2:inst6|lpm_counter:LPM_COUNTER_component|cntr_38i:auto_generated|counter_reg_bit[11]    ; |oscilador|lpm_counter2:inst6|lpm_counter:LPM_COUNTER_component|cntr_38i:auto_generated|counter_reg_bit[11]      ; regout           ;
; |oscilador|lpm_counter2:inst6|lpm_counter:LPM_COUNTER_component|cntr_38i:auto_generated|counter_reg_bit[10]    ; |oscilador|lpm_counter2:inst6|lpm_counter:LPM_COUNTER_component|cntr_38i:auto_generated|counter_reg_bit[10]      ; regout           ;
; |oscilador|lpm_counter2:inst6|lpm_counter:LPM_COUNTER_component|cntr_38i:auto_generated|counter_reg_bit[9]     ; |oscilador|lpm_counter2:inst6|lpm_counter:LPM_COUNTER_component|cntr_38i:auto_generated|counter_reg_bit[9]       ; regout           ;
; |oscilador|lpm_counter2:inst6|lpm_counter:LPM_COUNTER_component|cntr_38i:auto_generated|counter_reg_bit[8]     ; |oscilador|lpm_counter2:inst6|lpm_counter:LPM_COUNTER_component|cntr_38i:auto_generated|counter_reg_bit[8]       ; regout           ;
; |oscilador|lpm_counter2:inst6|lpm_counter:LPM_COUNTER_component|cntr_38i:auto_generated|counter_reg_bit[7]     ; |oscilador|lpm_counter2:inst6|lpm_counter:LPM_COUNTER_component|cntr_38i:auto_generated|counter_reg_bit[7]       ; regout           ;
; |oscilador|lpm_counter2:inst6|lpm_counter:LPM_COUNTER_component|cntr_38i:auto_generated|counter_reg_bit[6]     ; |oscilador|lpm_counter2:inst6|lpm_counter:LPM_COUNTER_component|cntr_38i:auto_generated|counter_reg_bit[6]       ; regout           ;
; |oscilador|lpm_counter2:inst6|lpm_counter:LPM_COUNTER_component|cntr_38i:auto_generated|counter_reg_bit[5]     ; |oscilador|lpm_counter2:inst6|lpm_counter:LPM_COUNTER_component|cntr_38i:auto_generated|counter_reg_bit[5]       ; regout           ;
; |oscilador|lpm_counter2:inst6|lpm_counter:LPM_COUNTER_component|cntr_38i:auto_generated|counter_reg_bit[4]     ; |oscilador|lpm_counter2:inst6|lpm_counter:LPM_COUNTER_component|cntr_38i:auto_generated|counter_reg_bit[4]       ; regout           ;
; |oscilador|lpm_counter2:inst6|lpm_counter:LPM_COUNTER_component|cntr_38i:auto_generated|counter_reg_bit[3]     ; |oscilador|lpm_counter2:inst6|lpm_counter:LPM_COUNTER_component|cntr_38i:auto_generated|counter_reg_bit[3]       ; regout           ;
; |oscilador|lpm_counter2:inst6|lpm_counter:LPM_COUNTER_component|cntr_38i:auto_generated|counter_reg_bit[2]     ; |oscilador|lpm_counter2:inst6|lpm_counter:LPM_COUNTER_component|cntr_38i:auto_generated|counter_reg_bit[2]       ; regout           ;
; |oscilador|lpm_counter2:inst6|lpm_counter:LPM_COUNTER_component|cntr_38i:auto_generated|counter_reg_bit[1]     ; |oscilador|lpm_counter2:inst6|lpm_counter:LPM_COUNTER_component|cntr_38i:auto_generated|counter_reg_bit[1]       ; regout           ;
; |oscilador|lpm_counter2:inst6|lpm_counter:LPM_COUNTER_component|cntr_38i:auto_generated|counter_reg_bit[0]     ; |oscilador|lpm_counter2:inst6|lpm_counter:LPM_COUNTER_component|cntr_38i:auto_generated|counter_reg_bit[0]       ; regout           ;
; |oscilador|lpm_compare4:inst5|lpm_compare:LPM_COMPARE_component|cmpr_0mg:auto_generated|aneb_result_wire[0]~0  ; |oscilador|lpm_compare4:inst5|lpm_compare:LPM_COMPARE_component|cmpr_0mg:auto_generated|aneb_result_wire[0]~0    ; out0             ;
; |oscilador|lpm_compare4:inst5|lpm_compare:LPM_COMPARE_component|cmpr_0mg:auto_generated|aneb_result_wire[0]    ; |oscilador|lpm_compare4:inst5|lpm_compare:LPM_COMPARE_component|cmpr_0mg:auto_generated|aneb_result_wire[0]      ; out0             ;
; |oscilador|lpm_compare4:inst5|lpm_compare:LPM_COMPARE_component|cmpr_0mg:auto_generated|data_wire[9]~6         ; |oscilador|lpm_compare4:inst5|lpm_compare:LPM_COMPARE_component|cmpr_0mg:auto_generated|data_wire[9]~6           ; out0             ;
; |oscilador|lpm_compare4:inst5|lpm_compare:LPM_COMPARE_component|cmpr_0mg:auto_generated|data_wire[8]~8         ; |oscilador|lpm_compare4:inst5|lpm_compare:LPM_COMPARE_component|cmpr_0mg:auto_generated|data_wire[8]~8           ; out0             ;
; |oscilador|lpm_compare4:inst5|lpm_compare:LPM_COMPARE_component|cmpr_0mg:auto_generated|data_wire[8]~9         ; |oscilador|lpm_compare4:inst5|lpm_compare:LPM_COMPARE_component|cmpr_0mg:auto_generated|data_wire[8]~9           ; out0             ;
; |oscilador|lpm_compare4:inst5|lpm_compare:LPM_COMPARE_component|cmpr_0mg:auto_generated|data_wire[8]           ; |oscilador|lpm_compare4:inst5|lpm_compare:LPM_COMPARE_component|cmpr_0mg:auto_generated|data_wire[8]             ; out0             ;
; |oscilador|lpm_compare4:inst5|lpm_compare:LPM_COMPARE_component|cmpr_0mg:auto_generated|data_wire[7]~10        ; |oscilador|lpm_compare4:inst5|lpm_compare:LPM_COMPARE_component|cmpr_0mg:auto_generated|data_wire[7]~10          ; out0             ;
; |oscilador|lpm_compare4:inst5|lpm_compare:LPM_COMPARE_component|cmpr_0mg:auto_generated|data_wire[7]~11        ; |oscilador|lpm_compare4:inst5|lpm_compare:LPM_COMPARE_component|cmpr_0mg:auto_generated|data_wire[7]~11          ; out0             ;
; |oscilador|lpm_compare4:inst5|lpm_compare:LPM_COMPARE_component|cmpr_0mg:auto_generated|data_wire[7]           ; |oscilador|lpm_compare4:inst5|lpm_compare:LPM_COMPARE_component|cmpr_0mg:auto_generated|data_wire[7]             ; out0             ;
; |oscilador|lpm_compare4:inst5|lpm_compare:LPM_COMPARE_component|cmpr_0mg:auto_generated|data_wire[6]~12        ; |oscilador|lpm_compare4:inst5|lpm_compare:LPM_COMPARE_component|cmpr_0mg:auto_generated|data_wire[6]~12          ; out0             ;
; |oscilador|lpm_compare4:inst5|lpm_compare:LPM_COMPARE_component|cmpr_0mg:auto_generated|data_wire[6]~13        ; |oscilador|lpm_compare4:inst5|lpm_compare:LPM_COMPARE_component|cmpr_0mg:auto_generated|data_wire[6]~13          ; out0             ;
; |oscilador|lpm_compare4:inst5|lpm_compare:LPM_COMPARE_component|cmpr_0mg:auto_generated|data_wire[6]           ; |oscilador|lpm_compare4:inst5|lpm_compare:LPM_COMPARE_component|cmpr_0mg:auto_generated|data_wire[6]             ; out0             ;
; |oscilador|lpm_compare4:inst5|lpm_compare:LPM_COMPARE_component|cmpr_0mg:auto_generated|data_wire[5]~14        ; |oscilador|lpm_compare4:inst5|lpm_compare:LPM_COMPARE_component|cmpr_0mg:auto_generated|data_wire[5]~14          ; out0             ;
; |oscilador|lpm_compare4:inst5|lpm_compare:LPM_COMPARE_component|cmpr_0mg:auto_generated|data_wire[5]~15        ; |oscilador|lpm_compare4:inst5|lpm_compare:LPM_COMPARE_component|cmpr_0mg:auto_generated|data_wire[5]~15          ; out0             ;
; |oscilador|lpm_compare4:inst5|lpm_compare:LPM_COMPARE_component|cmpr_0mg:auto_generated|data_wire[5]           ; |oscilador|lpm_compare4:inst5|lpm_compare:LPM_COMPARE_component|cmpr_0mg:auto_generated|data_wire[5]             ; out0             ;
; |oscilador|lpm_compare4:inst5|lpm_compare:LPM_COMPARE_component|cmpr_0mg:auto_generated|data_wire[4]~16        ; |oscilador|lpm_compare4:inst5|lpm_compare:LPM_COMPARE_component|cmpr_0mg:auto_generated|data_wire[4]~16          ; out0             ;
; |oscilador|lpm_compare4:inst5|lpm_compare:LPM_COMPARE_component|cmpr_0mg:auto_generated|data_wire[4]~17        ; |oscilador|lpm_compare4:inst5|lpm_compare:LPM_COMPARE_component|cmpr_0mg:auto_generated|data_wire[4]~17          ; out0             ;
; |oscilador|lpm_compare4:inst5|lpm_compare:LPM_COMPARE_component|cmpr_0mg:auto_generated|data_wire[4]           ; |oscilador|lpm_compare4:inst5|lpm_compare:LPM_COMPARE_component|cmpr_0mg:auto_generated|data_wire[4]             ; out0             ;
; |oscilador|lpm_compare4:inst5|lpm_compare:LPM_COMPARE_component|cmpr_0mg:auto_generated|data_wire[3]~19        ; |oscilador|lpm_compare4:inst5|lpm_compare:LPM_COMPARE_component|cmpr_0mg:auto_generated|data_wire[3]~19          ; out0             ;
; |oscilador|lpm_compare4:inst5|lpm_compare:LPM_COMPARE_component|cmpr_0mg:auto_generated|data_wire[3]           ; |oscilador|lpm_compare4:inst5|lpm_compare:LPM_COMPARE_component|cmpr_0mg:auto_generated|data_wire[3]             ; out0             ;
; |oscilador|lpm_compare4:inst5|lpm_compare:LPM_COMPARE_component|cmpr_0mg:auto_generated|_~0                    ; |oscilador|lpm_compare4:inst5|lpm_compare:LPM_COMPARE_component|cmpr_0mg:auto_generated|_~0                      ; out0             ;
; |oscilador|lpm_compare4:inst5|lpm_compare:LPM_COMPARE_component|cmpr_0mg:auto_generated|_~1                    ; |oscilador|lpm_compare4:inst5|lpm_compare:LPM_COMPARE_component|cmpr_0mg:auto_generated|_~1                      ; out0             ;
; |oscilador|lpm_compare4:inst5|lpm_compare:LPM_COMPARE_component|cmpr_0mg:auto_generated|data_wire[0]~21        ; |oscilador|lpm_compare4:inst5|lpm_compare:LPM_COMPARE_component|cmpr_0mg:auto_generated|data_wire[0]~21          ; out0             ;
; |oscilador|lpm_compare4:inst5|lpm_compare:LPM_COMPARE_component|cmpr_0mg:auto_generated|data_wire[0]           ; |oscilador|lpm_compare4:inst5|lpm_compare:LPM_COMPARE_component|cmpr_0mg:auto_generated|data_wire[0]             ; out0             ;
; |oscilador|lpm_counter0:inst|lpm_counter:LPM_COUNTER_component|cntr_v2j:auto_generated|counter_reg_bit[19]~23  ; |oscilador|lpm_counter0:inst|lpm_counter:LPM_COUNTER_component|cntr_v2j:auto_generated|counter_reg_bit[19]~23    ; out              ;
; |oscilador|lpm_counter0:inst|lpm_counter:LPM_COUNTER_component|cntr_v2j:auto_generated|counter_reg_bit[18]~24  ; |oscilador|lpm_counter0:inst|lpm_counter:LPM_COUNTER_component|cntr_v2j:auto_generated|counter_reg_bit[18]~24    ; out              ;
; |oscilador|lpm_counter0:inst|lpm_counter:LPM_COUNTER_component|cntr_v2j:auto_generated|counter_reg_bit[17]~25  ; |oscilador|lpm_counter0:inst|lpm_counter:LPM_COUNTER_component|cntr_v2j:auto_generated|counter_reg_bit[17]~25    ; out              ;
; |oscilador|lpm_counter0:inst|lpm_counter:LPM_COUNTER_component|cntr_v2j:auto_generated|counter_reg_bit[16]~26  ; |oscilador|lpm_counter0:inst|lpm_counter:LPM_COUNTER_component|cntr_v2j:auto_generated|counter_reg_bit[16]~26    ; out              ;
; |oscilador|lpm_counter0:inst|lpm_counter:LPM_COUNTER_component|cntr_v2j:auto_generated|counter_reg_bit[15]~27  ; |oscilador|lpm_counter0:inst|lpm_counter:LPM_COUNTER_component|cntr_v2j:auto_generated|counter_reg_bit[15]~27    ; out              ;
; |oscilador|lpm_counter0:inst|lpm_counter:LPM_COUNTER_component|cntr_v2j:auto_generated|counter_reg_bit[14]~28  ; |oscilador|lpm_counter0:inst|lpm_counter:LPM_COUNTER_component|cntr_v2j:auto_generated|counter_reg_bit[14]~28    ; out              ;
; |oscilador|lpm_counter0:inst|lpm_counter:LPM_COUNTER_component|cntr_v2j:auto_generated|counter_reg_bit[13]~29  ; |oscilador|lpm_counter0:inst|lpm_counter:LPM_COUNTER_component|cntr_v2j:auto_generated|counter_reg_bit[13]~29    ; out              ;
; |oscilador|lpm_counter0:inst|lpm_counter:LPM_COUNTER_component|cntr_v2j:auto_generated|counter_reg_bit[12]~30  ; |oscilador|lpm_counter0:inst|lpm_counter:LPM_COUNTER_component|cntr_v2j:auto_generated|counter_reg_bit[12]~30    ; out              ;
; |oscilador|lpm_counter0:inst|lpm_counter:LPM_COUNTER_component|cntr_v2j:auto_generated|counter_reg_bit[11]~31  ; |oscilador|lpm_counter0:inst|lpm_counter:LPM_COUNTER_component|cntr_v2j:auto_generated|counter_reg_bit[11]~31    ; out              ;
; |oscilador|lpm_counter0:inst|lpm_counter:LPM_COUNTER_component|cntr_v2j:auto_generated|counter_reg_bit[10]~32  ; |oscilador|lpm_counter0:inst|lpm_counter:LPM_COUNTER_component|cntr_v2j:auto_generated|counter_reg_bit[10]~32    ; out              ;
; |oscilador|lpm_counter0:inst|lpm_counter:LPM_COUNTER_component|cntr_v2j:auto_generated|counter_reg_bit[9]~33   ; |oscilador|lpm_counter0:inst|lpm_counter:LPM_COUNTER_component|cntr_v2j:auto_generated|counter_reg_bit[9]~33     ; out              ;
; |oscilador|lpm_counter0:inst|lpm_counter:LPM_COUNTER_component|cntr_v2j:auto_generated|counter_reg_bit[8]~34   ; |oscilador|lpm_counter0:inst|lpm_counter:LPM_COUNTER_component|cntr_v2j:auto_generated|counter_reg_bit[8]~34     ; out              ;
; |oscilador|lpm_counter0:inst|lpm_counter:LPM_COUNTER_component|cntr_v2j:auto_generated|counter_reg_bit[7]~35   ; |oscilador|lpm_counter0:inst|lpm_counter:LPM_COUNTER_component|cntr_v2j:auto_generated|counter_reg_bit[7]~35     ; out              ;
; |oscilador|lpm_counter0:inst|lpm_counter:LPM_COUNTER_component|cntr_v2j:auto_generated|counter_reg_bit[6]~36   ; |oscilador|lpm_counter0:inst|lpm_counter:LPM_COUNTER_component|cntr_v2j:auto_generated|counter_reg_bit[6]~36     ; out              ;
; |oscilador|lpm_counter0:inst|lpm_counter:LPM_COUNTER_component|cntr_v2j:auto_generated|counter_reg_bit[5]~37   ; |oscilador|lpm_counter0:inst|lpm_counter:LPM_COUNTER_component|cntr_v2j:auto_generated|counter_reg_bit[5]~37     ; out              ;
; |oscilador|lpm_counter0:inst|lpm_counter:LPM_COUNTER_component|cntr_v2j:auto_generated|counter_reg_bit[4]~38   ; |oscilador|lpm_counter0:inst|lpm_counter:LPM_COUNTER_component|cntr_v2j:auto_generated|counter_reg_bit[4]~38     ; out              ;
; |oscilador|lpm_counter0:inst|lpm_counter:LPM_COUNTER_component|cntr_v2j:auto_generated|counter_reg_bit[3]~39   ; |oscilador|lpm_counter0:inst|lpm_counter:LPM_COUNTER_component|cntr_v2j:auto_generated|counter_reg_bit[3]~39     ; out              ;
; |oscilador|lpm_counter0:inst|lpm_counter:LPM_COUNTER_component|cntr_v2j:auto_generated|counter_reg_bit[2]~40   ; |oscilador|lpm_counter0:inst|lpm_counter:LPM_COUNTER_component|cntr_v2j:auto_generated|counter_reg_bit[2]~40     ; out              ;
; |oscilador|lpm_counter0:inst|lpm_counter:LPM_COUNTER_component|cntr_v2j:auto_generated|counter_reg_bit[1]~41   ; |oscilador|lpm_counter0:inst|lpm_counter:LPM_COUNTER_component|cntr_v2j:auto_generated|counter_reg_bit[1]~41     ; out              ;
; |oscilador|lpm_counter0:inst|lpm_counter:LPM_COUNTER_component|cntr_v2j:auto_generated|counter_reg_bit[0]~42   ; |oscilador|lpm_counter0:inst|lpm_counter:LPM_COUNTER_component|cntr_v2j:auto_generated|counter_reg_bit[0]~42     ; out              ;
; |oscilador|lpm_counter2:inst6|lpm_counter:LPM_COUNTER_component|cntr_38i:auto_generated|counter_reg_bit[14]~28 ; |oscilador|lpm_counter2:inst6|lpm_counter:LPM_COUNTER_component|cntr_38i:auto_generated|counter_reg_bit[14]~28   ; out              ;
; |oscilador|lpm_counter2:inst6|lpm_counter:LPM_COUNTER_component|cntr_38i:auto_generated|counter_reg_bit[13]~29 ; |oscilador|lpm_counter2:inst6|lpm_counter:LPM_COUNTER_component|cntr_38i:auto_generated|counter_reg_bit[13]~29   ; out              ;
; |oscilador|lpm_counter2:inst6|lpm_counter:LPM_COUNTER_component|cntr_38i:auto_generated|counter_reg_bit[12]~30 ; |oscilador|lpm_counter2:inst6|lpm_counter:LPM_COUNTER_component|cntr_38i:auto_generated|counter_reg_bit[12]~30   ; out              ;
; |oscilador|lpm_counter2:inst6|lpm_counter:LPM_COUNTER_component|cntr_38i:auto_generated|counter_reg_bit[11]~31 ; |oscilador|lpm_counter2:inst6|lpm_counter:LPM_COUNTER_component|cntr_38i:auto_generated|counter_reg_bit[11]~31   ; out              ;
; |oscilador|lpm_counter2:inst6|lpm_counter:LPM_COUNTER_component|cntr_38i:auto_generated|counter_reg_bit[10]~32 ; |oscilador|lpm_counter2:inst6|lpm_counter:LPM_COUNTER_component|cntr_38i:auto_generated|counter_reg_bit[10]~32   ; out              ;
; |oscilador|lpm_counter2:inst6|lpm_counter:LPM_COUNTER_component|cntr_38i:auto_generated|counter_reg_bit[9]~33  ; |oscilador|lpm_counter2:inst6|lpm_counter:LPM_COUNTER_component|cntr_38i:auto_generated|counter_reg_bit[9]~33    ; out              ;
; |oscilador|lpm_counter2:inst6|lpm_counter:LPM_COUNTER_component|cntr_38i:auto_generated|counter_reg_bit[8]~34  ; |oscilador|lpm_counter2:inst6|lpm_counter:LPM_COUNTER_component|cntr_38i:auto_generated|counter_reg_bit[8]~34    ; out              ;
; |oscilador|lpm_counter2:inst6|lpm_counter:LPM_COUNTER_component|cntr_38i:auto_generated|counter_reg_bit[7]~35  ; |oscilador|lpm_counter2:inst6|lpm_counter:LPM_COUNTER_component|cntr_38i:auto_generated|counter_reg_bit[7]~35    ; out              ;
; |oscilador|lpm_counter2:inst6|lpm_counter:LPM_COUNTER_component|cntr_38i:auto_generated|counter_reg_bit[6]~36  ; |oscilador|lpm_counter2:inst6|lpm_counter:LPM_COUNTER_component|cntr_38i:auto_generated|counter_reg_bit[6]~36    ; out              ;
; |oscilador|lpm_counter2:inst6|lpm_counter:LPM_COUNTER_component|cntr_38i:auto_generated|counter_reg_bit[5]~37  ; |oscilador|lpm_counter2:inst6|lpm_counter:LPM_COUNTER_component|cntr_38i:auto_generated|counter_reg_bit[5]~37    ; out              ;
; |oscilador|lpm_counter2:inst6|lpm_counter:LPM_COUNTER_component|cntr_38i:auto_generated|counter_reg_bit[4]~38  ; |oscilador|lpm_counter2:inst6|lpm_counter:LPM_COUNTER_component|cntr_38i:auto_generated|counter_reg_bit[4]~38    ; out              ;
; |oscilador|lpm_counter2:inst6|lpm_counter:LPM_COUNTER_component|cntr_38i:auto_generated|counter_reg_bit[3]~39  ; |oscilador|lpm_counter2:inst6|lpm_counter:LPM_COUNTER_component|cntr_38i:auto_generated|counter_reg_bit[3]~39    ; out              ;
; |oscilador|lpm_counter2:inst6|lpm_counter:LPM_COUNTER_component|cntr_38i:auto_generated|counter_reg_bit[2]~40  ; |oscilador|lpm_counter2:inst6|lpm_counter:LPM_COUNTER_component|cntr_38i:auto_generated|counter_reg_bit[2]~40    ; out              ;
; |oscilador|lpm_counter2:inst6|lpm_counter:LPM_COUNTER_component|cntr_38i:auto_generated|counter_reg_bit[1]~41  ; |oscilador|lpm_counter2:inst6|lpm_counter:LPM_COUNTER_component|cntr_38i:auto_generated|counter_reg_bit[1]~41    ; out              ;
; |oscilador|lpm_counter2:inst6|lpm_counter:LPM_COUNTER_component|cntr_38i:auto_generated|counter_reg_bit[0]~42  ; |oscilador|lpm_counter2:inst6|lpm_counter:LPM_COUNTER_component|cntr_38i:auto_generated|counter_reg_bit[0]~42    ; out              ;
+----------------------------------------------------------------------------------------------------------------+------------------------------------------------------------------------------------------------------------------+------------------+


The following table displays output ports that do not toggle to 1 during simulation.
+------------------------------------------------------------------------------------------------------------------------------------------------------------------------------------------------------------------------------------------------------+
; Missing 1-Value Coverage                                                                                                                                                                                                                             ;
+----------------------------------------------------------------------------------------------------------------+------------------------------------------------------------------------------------------------------------------+------------------+
; Node Name                                                                                                      ; Output Port Name                                                                                                 ; Output Port Type ;
+----------------------------------------------------------------------------------------------------------------+------------------------------------------------------------------------------------------------------------------+------------------+
; |oscilador|afinar                                                                                              ; |oscilador|afinar                                                                                                ; out              ;
; |oscilador|enable                                                                                              ; |oscilador|enable                                                                                                ; out              ;
; |oscilador|counter0_saida[19]                                                                                  ; |oscilador|counter0_saida[19]                                                                                    ; pin_out          ;
; |oscilador|counter0_saida[18]                                                                                  ; |oscilador|counter0_saida[18]                                                                                    ; pin_out          ;
; |oscilador|counter0_saida[17]                                                                                  ; |oscilador|counter0_saida[17]                                                                                    ; pin_out          ;
; |oscilador|counter0_saida[16]                                                                                  ; |oscilador|counter0_saida[16]                                                                                    ; pin_out          ;
; |oscilador|counter0_saida[15]                                                                                  ; |oscilador|counter0_saida[15]                                                                                    ; pin_out          ;
; |oscilador|counter0_saida[14]                                                                                  ; |oscilador|counter0_saida[14]                                                                                    ; pin_out          ;
; |oscilador|counter0_saida[13]                                                                                  ; |oscilador|counter0_saida[13]                                                                                    ; pin_out          ;
; |oscilador|counter0_saida[12]                                                                                  ; |oscilador|counter0_saida[12]                                                                                    ; pin_out          ;
; |oscilador|counter0_saida[11]                                                                                  ; |oscilador|counter0_saida[11]                                                                                    ; pin_out          ;
; |oscilador|counter0_saida[10]                                                                                  ; |oscilador|counter0_saida[10]                                                                                    ; pin_out          ;
; |oscilador|counter0_saida[9]                                                                                   ; |oscilador|counter0_saida[9]                                                                                     ; pin_out          ;
; |oscilador|counter0_saida[8]                                                                                   ; |oscilador|counter0_saida[8]                                                                                     ; pin_out          ;
; |oscilador|counter0_saida[7]                                                                                   ; |oscilador|counter0_saida[7]                                                                                     ; pin_out          ;
; |oscilador|counter2_saida[19]                                                                                  ; |oscilador|counter2_saida[19]                                                                                    ; pin_out          ;
; |oscilador|counter2_saida[18]                                                                                  ; |oscilador|counter2_saida[18]                                                                                    ; pin_out          ;
; |oscilador|counter2_saida[17]                                                                                  ; |oscilador|counter2_saida[17]                                                                                    ; pin_out          ;
; |oscilador|counter2_saida[16]                                                                                  ; |oscilador|counter2_saida[16]                                                                                    ; pin_out          ;
; |oscilador|counter2_saida[15]                                                                                  ; |oscilador|counter2_saida[15]                                                                                    ; pin_out          ;
; |oscilador|counter2_saida[14]                                                                                  ; |oscilador|counter2_saida[14]                                                                                    ; pin_out          ;
; |oscilador|lpm_counter0:inst|lpm_counter:LPM_COUNTER_component|cntr_v2j:auto_generated|_~64                    ; |oscilador|lpm_counter0:inst|lpm_counter:LPM_COUNTER_component|cntr_v2j:auto_generated|_~64                      ; out0             ;
; |oscilador|lpm_counter0:inst|lpm_counter:LPM_COUNTER_component|cntr_v2j:auto_generated|counter_reg_bit[19]     ; |oscilador|lpm_counter0:inst|lpm_counter:LPM_COUNTER_component|cntr_v2j:auto_generated|counter_reg_bit[19]       ; regout           ;
; |oscilador|lpm_counter0:inst|lpm_counter:LPM_COUNTER_component|cntr_v2j:auto_generated|counter_reg_bit[18]     ; |oscilador|lpm_counter0:inst|lpm_counter:LPM_COUNTER_component|cntr_v2j:auto_generated|counter_reg_bit[18]       ; regout           ;
; |oscilador|lpm_counter0:inst|lpm_counter:LPM_COUNTER_component|cntr_v2j:auto_generated|counter_reg_bit[17]     ; |oscilador|lpm_counter0:inst|lpm_counter:LPM_COUNTER_component|cntr_v2j:auto_generated|counter_reg_bit[17]       ; regout           ;
; |oscilador|lpm_counter0:inst|lpm_counter:LPM_COUNTER_component|cntr_v2j:auto_generated|counter_reg_bit[16]     ; |oscilador|lpm_counter0:inst|lpm_counter:LPM_COUNTER_component|cntr_v2j:auto_generated|counter_reg_bit[16]       ; regout           ;
; |oscilador|lpm_counter0:inst|lpm_counter:LPM_COUNTER_component|cntr_v2j:auto_generated|counter_reg_bit[15]     ; |oscilador|lpm_counter0:inst|lpm_counter:LPM_COUNTER_component|cntr_v2j:auto_generated|counter_reg_bit[15]       ; regout           ;
; |oscilador|lpm_counter0:inst|lpm_counter:LPM_COUNTER_component|cntr_v2j:auto_generated|counter_reg_bit[14]     ; |oscilador|lpm_counter0:inst|lpm_counter:LPM_COUNTER_component|cntr_v2j:auto_generated|counter_reg_bit[14]       ; regout           ;
; |oscilador|lpm_counter0:inst|lpm_counter:LPM_COUNTER_component|cntr_v2j:auto_generated|counter_reg_bit[13]     ; |oscilador|lpm_counter0:inst|lpm_counter:LPM_COUNTER_component|cntr_v2j:auto_generated|counter_reg_bit[13]       ; regout           ;
; |oscilador|lpm_counter0:inst|lpm_counter:LPM_COUNTER_component|cntr_v2j:auto_generated|counter_reg_bit[12]     ; |oscilador|lpm_counter0:inst|lpm_counter:LPM_COUNTER_component|cntr_v2j:auto_generated|counter_reg_bit[12]       ; regout           ;
; |oscilador|lpm_counter0:inst|lpm_counter:LPM_COUNTER_component|cntr_v2j:auto_generated|counter_reg_bit[11]     ; |oscilador|lpm_counter0:inst|lpm_counter:LPM_COUNTER_component|cntr_v2j:auto_generated|counter_reg_bit[11]       ; regout           ;
; |oscilador|lpm_counter0:inst|lpm_counter:LPM_COUNTER_component|cntr_v2j:auto_generated|counter_reg_bit[10]     ; |oscilador|lpm_counter0:inst|lpm_counter:LPM_COUNTER_component|cntr_v2j:auto_generated|counter_reg_bit[10]       ; regout           ;
; |oscilador|lpm_counter0:inst|lpm_counter:LPM_COUNTER_component|cntr_v2j:auto_generated|counter_reg_bit[9]      ; |oscilador|lpm_counter0:inst|lpm_counter:LPM_COUNTER_component|cntr_v2j:auto_generated|counter_reg_bit[9]        ; regout           ;
; |oscilador|lpm_counter0:inst|lpm_counter:LPM_COUNTER_component|cntr_v2j:auto_generated|counter_reg_bit[8]      ; |oscilador|lpm_counter0:inst|lpm_counter:LPM_COUNTER_component|cntr_v2j:auto_generated|counter_reg_bit[8]        ; regout           ;
; |oscilador|lpm_counter0:inst|lpm_counter:LPM_COUNTER_component|cntr_v2j:auto_generated|counter_reg_bit[7]      ; |oscilador|lpm_counter0:inst|lpm_counter:LPM_COUNTER_component|cntr_v2j:auto_generated|counter_reg_bit[7]        ; regout           ;
; |oscilador|lpm_counter2:inst6|lpm_counter:LPM_COUNTER_component|cntr_38i:auto_generated|counter_comb_bita14    ; |oscilador|lpm_counter2:inst6|lpm_counter:LPM_COUNTER_component|cntr_38i:auto_generated|counter_comb_bita14~COUT ; cout             ;
; |oscilador|lpm_counter2:inst6|lpm_counter:LPM_COUNTER_component|cntr_38i:auto_generated|counter_comb_bita15    ; |oscilador|lpm_counter2:inst6|lpm_counter:LPM_COUNTER_component|cntr_38i:auto_generated|counter_comb_bita15      ; combout          ;
; |oscilador|lpm_counter2:inst6|lpm_counter:LPM_COUNTER_component|cntr_38i:auto_generated|counter_comb_bita15    ; |oscilador|lpm_counter2:inst6|lpm_counter:LPM_COUNTER_component|cntr_38i:auto_generated|counter_comb_bita15~COUT ; cout             ;
; |oscilador|lpm_counter2:inst6|lpm_counter:LPM_COUNTER_component|cntr_38i:auto_generated|counter_comb_bita16    ; |oscilador|lpm_counter2:inst6|lpm_counter:LPM_COUNTER_component|cntr_38i:auto_generated|counter_comb_bita16      ; combout          ;
; |oscilador|lpm_counter2:inst6|lpm_counter:LPM_COUNTER_component|cntr_38i:auto_generated|counter_comb_bita16    ; |oscilador|lpm_counter2:inst6|lpm_counter:LPM_COUNTER_component|cntr_38i:auto_generated|counter_comb_bita16~COUT ; cout             ;
; |oscilador|lpm_counter2:inst6|lpm_counter:LPM_COUNTER_component|cntr_38i:auto_generated|counter_comb_bita17    ; |oscilador|lpm_counter2:inst6|lpm_counter:LPM_COUNTER_component|cntr_38i:auto_generated|counter_comb_bita17      ; combout          ;
; |oscilador|lpm_counter2:inst6|lpm_counter:LPM_COUNTER_component|cntr_38i:auto_generated|counter_comb_bita17    ; |oscilador|lpm_counter2:inst6|lpm_counter:LPM_COUNTER_component|cntr_38i:auto_generated|counter_comb_bita17~COUT ; cout             ;
; |oscilador|lpm_counter2:inst6|lpm_counter:LPM_COUNTER_component|cntr_38i:auto_generated|counter_comb_bita18    ; |oscilador|lpm_counter2:inst6|lpm_counter:LPM_COUNTER_component|cntr_38i:auto_generated|counter_comb_bita18      ; combout          ;
; |oscilador|lpm_counter2:inst6|lpm_counter:LPM_COUNTER_component|cntr_38i:auto_generated|counter_comb_bita18    ; |oscilador|lpm_counter2:inst6|lpm_counter:LPM_COUNTER_component|cntr_38i:auto_generated|counter_comb_bita18~COUT ; cout             ;
; |oscilador|lpm_counter2:inst6|lpm_counter:LPM_COUNTER_component|cntr_38i:auto_generated|counter_comb_bita19    ; |oscilador|lpm_counter2:inst6|lpm_counter:LPM_COUNTER_component|cntr_38i:auto_generated|counter_comb_bita19      ; combout          ;
; |oscilador|lpm_counter2:inst6|lpm_counter:LPM_COUNTER_component|cntr_38i:auto_generated|counter_reg_bit[19]    ; |oscilador|lpm_counter2:inst6|lpm_counter:LPM_COUNTER_component|cntr_38i:auto_generated|counter_reg_bit[19]      ; regout           ;
; |oscilador|lpm_counter2:inst6|lpm_counter:LPM_COUNTER_component|cntr_38i:auto_generated|counter_reg_bit[18]    ; |oscilador|lpm_counter2:inst6|lpm_counter:LPM_COUNTER_component|cntr_38i:auto_generated|counter_reg_bit[18]      ; regout           ;
; |oscilador|lpm_counter2:inst6|lpm_counter:LPM_COUNTER_component|cntr_38i:auto_generated|counter_reg_bit[17]    ; |oscilador|lpm_counter2:inst6|lpm_counter:LPM_COUNTER_component|cntr_38i:auto_generated|counter_reg_bit[17]      ; regout           ;
; |oscilador|lpm_counter2:inst6|lpm_counter:LPM_COUNTER_component|cntr_38i:auto_generated|counter_reg_bit[16]    ; |oscilador|lpm_counter2:inst6|lpm_counter:LPM_COUNTER_component|cntr_38i:auto_generated|counter_reg_bit[16]      ; regout           ;
; |oscilador|lpm_counter2:inst6|lpm_counter:LPM_COUNTER_component|cntr_38i:auto_generated|counter_reg_bit[15]    ; |oscilador|lpm_counter2:inst6|lpm_counter:LPM_COUNTER_component|cntr_38i:auto_generated|counter_reg_bit[15]      ; regout           ;
; |oscilador|lpm_counter2:inst6|lpm_counter:LPM_COUNTER_component|cntr_38i:auto_generated|counter_reg_bit[14]    ; |oscilador|lpm_counter2:inst6|lpm_counter:LPM_COUNTER_component|cntr_38i:auto_generated|counter_reg_bit[14]      ; regout           ;
; |oscilador|lpm_compare4:inst5|lpm_compare:LPM_COMPARE_component|cmpr_0mg:auto_generated|data_wire[12]~0        ; |oscilador|lpm_compare4:inst5|lpm_compare:LPM_COMPARE_component|cmpr_0mg:auto_generated|data_wire[12]~0          ; out0             ;
; |oscilador|lpm_compare4:inst5|lpm_compare:LPM_COMPARE_component|cmpr_0mg:auto_generated|data_wire[12]~1        ; |oscilador|lpm_compare4:inst5|lpm_compare:LPM_COMPARE_component|cmpr_0mg:auto_generated|data_wire[12]~1          ; out0             ;
; |oscilador|lpm_compare4:inst5|lpm_compare:LPM_COMPARE_component|cmpr_0mg:auto_generated|data_wire[12]          ; |oscilador|lpm_compare4:inst5|lpm_compare:LPM_COMPARE_component|cmpr_0mg:auto_generated|data_wire[12]            ; out0             ;
; |oscilador|lpm_compare4:inst5|lpm_compare:LPM_COMPARE_component|cmpr_0mg:auto_generated|data_wire[11]~2        ; |oscilador|lpm_compare4:inst5|lpm_compare:LPM_COMPARE_component|cmpr_0mg:auto_generated|data_wire[11]~2          ; out0             ;
; |oscilador|lpm_compare4:inst5|lpm_compare:LPM_COMPARE_component|cmpr_0mg:auto_generated|data_wire[11]~3        ; |oscilador|lpm_compare4:inst5|lpm_compare:LPM_COMPARE_component|cmpr_0mg:auto_generated|data_wire[11]~3          ; out0             ;
; |oscilador|lpm_compare4:inst5|lpm_compare:LPM_COMPARE_component|cmpr_0mg:auto_generated|data_wire[11]          ; |oscilador|lpm_compare4:inst5|lpm_compare:LPM_COMPARE_component|cmpr_0mg:auto_generated|data_wire[11]            ; out0             ;
; |oscilador|lpm_compare4:inst5|lpm_compare:LPM_COMPARE_component|cmpr_0mg:auto_generated|data_wire[10]~4        ; |oscilador|lpm_compare4:inst5|lpm_compare:LPM_COMPARE_component|cmpr_0mg:auto_generated|data_wire[10]~4          ; out0             ;
; |oscilador|lpm_compare4:inst5|lpm_compare:LPM_COMPARE_component|cmpr_0mg:auto_generated|data_wire[10]~5        ; |oscilador|lpm_compare4:inst5|lpm_compare:LPM_COMPARE_component|cmpr_0mg:auto_generated|data_wire[10]~5          ; out0             ;
; |oscilador|lpm_compare4:inst5|lpm_compare:LPM_COMPARE_component|cmpr_0mg:auto_generated|data_wire[10]          ; |oscilador|lpm_compare4:inst5|lpm_compare:LPM_COMPARE_component|cmpr_0mg:auto_generated|data_wire[10]            ; out0             ;
; |oscilador|lpm_compare4:inst5|lpm_compare:LPM_COMPARE_component|cmpr_0mg:auto_generated|data_wire[2]           ; |oscilador|lpm_compare4:inst5|lpm_compare:LPM_COMPARE_component|cmpr_0mg:auto_generated|data_wire[2]             ; out0             ;
; |oscilador|lpm_counter2:inst6|lpm_counter:LPM_COUNTER_component|cntr_38i:auto_generated|counter_reg_bit[19]~23 ; |oscilador|lpm_counter2:inst6|lpm_counter:LPM_COUNTER_component|cntr_38i:auto_generated|counter_reg_bit[19]~23   ; out              ;
; |oscilador|lpm_counter2:inst6|lpm_counter:LPM_COUNTER_component|cntr_38i:auto_generated|counter_reg_bit[18]~24 ; |oscilador|lpm_counter2:inst6|lpm_counter:LPM_COUNTER_component|cntr_38i:auto_generated|counter_reg_bit[18]~24   ; out              ;
; |oscilador|lpm_counter2:inst6|lpm_counter:LPM_COUNTER_component|cntr_38i:auto_generated|counter_reg_bit[17]~25 ; |oscilador|lpm_counter2:inst6|lpm_counter:LPM_COUNTER_component|cntr_38i:auto_generated|counter_reg_bit[17]~25   ; out              ;
; |oscilador|lpm_counter2:inst6|lpm_counter:LPM_COUNTER_component|cntr_38i:auto_generated|counter_reg_bit[16]~26 ; |oscilador|lpm_counter2:inst6|lpm_counter:LPM_COUNTER_component|cntr_38i:auto_generated|counter_reg_bit[16]~26   ; out              ;
; |oscilador|lpm_counter2:inst6|lpm_counter:LPM_COUNTER_component|cntr_38i:auto_generated|counter_reg_bit[15]~27 ; |oscilador|lpm_counter2:inst6|lpm_counter:LPM_COUNTER_component|cntr_38i:auto_generated|counter_reg_bit[15]~27   ; out              ;
+----------------------------------------------------------------------------------------------------------------+------------------------------------------------------------------------------------------------------------------+------------------+


The following table displays output ports that do not toggle to 0 during simulation.
+------------------------------------------------------------------------------------------------------------------------------------------------------------------------------------------------------------------------------------------------------+
; Missing 0-Value Coverage                                                                                                                                                                                                                             ;
+----------------------------------------------------------------------------------------------------------------+------------------------------------------------------------------------------------------------------------------+------------------+
; Node Name                                                                                                      ; Output Port Name                                                                                                 ; Output Port Type ;
+----------------------------------------------------------------------------------------------------------------+------------------------------------------------------------------------------------------------------------------+------------------+
; |oscilador|afinar                                                                                              ; |oscilador|afinar                                                                                                ; out              ;
; |oscilador|enable                                                                                              ; |oscilador|enable                                                                                                ; out              ;
; |oscilador|counter0_saida[19]                                                                                  ; |oscilador|counter0_saida[19]                                                                                    ; pin_out          ;
; |oscilador|counter0_saida[18]                                                                                  ; |oscilador|counter0_saida[18]                                                                                    ; pin_out          ;
; |oscilador|counter0_saida[17]                                                                                  ; |oscilador|counter0_saida[17]                                                                                    ; pin_out          ;
; |oscilador|counter0_saida[16]                                                                                  ; |oscilador|counter0_saida[16]                                                                                    ; pin_out          ;
; |oscilador|counter0_saida[15]                                                                                  ; |oscilador|counter0_saida[15]                                                                                    ; pin_out          ;
; |oscilador|counter0_saida[14]                                                                                  ; |oscilador|counter0_saida[14]                                                                                    ; pin_out          ;
; |oscilador|counter0_saida[13]                                                                                  ; |oscilador|counter0_saida[13]                                                                                    ; pin_out          ;
; |oscilador|counter0_saida[12]                                                                                  ; |oscilador|counter0_saida[12]                                                                                    ; pin_out          ;
; |oscilador|counter0_saida[11]                                                                                  ; |oscilador|counter0_saida[11]                                                                                    ; pin_out          ;
; |oscilador|counter0_saida[10]                                                                                  ; |oscilador|counter0_saida[10]                                                                                    ; pin_out          ;
; |oscilador|counter0_saida[9]                                                                                   ; |oscilador|counter0_saida[9]                                                                                     ; pin_out          ;
; |oscilador|counter0_saida[8]                                                                                   ; |oscilador|counter0_saida[8]                                                                                     ; pin_out          ;
; |oscilador|counter0_saida[7]                                                                                   ; |oscilador|counter0_saida[7]                                                                                     ; pin_out          ;
; |oscilador|counter2_saida[19]                                                                                  ; |oscilador|counter2_saida[19]                                                                                    ; pin_out          ;
; |oscilador|counter2_saida[18]                                                                                  ; |oscilador|counter2_saida[18]                                                                                    ; pin_out          ;
; |oscilador|counter2_saida[17]                                                                                  ; |oscilador|counter2_saida[17]                                                                                    ; pin_out          ;
; |oscilador|counter2_saida[16]                                                                                  ; |oscilador|counter2_saida[16]                                                                                    ; pin_out          ;
; |oscilador|counter2_saida[15]                                                                                  ; |oscilador|counter2_saida[15]                                                                                    ; pin_out          ;
; |oscilador|counter2_saida[14]                                                                                  ; |oscilador|counter2_saida[14]                                                                                    ; pin_out          ;
; |oscilador|counter2_saida[13]                                                                                  ; |oscilador|counter2_saida[13]                                                                                    ; pin_out          ;
; |oscilador|lpm_counter0:inst|lpm_counter:LPM_COUNTER_component|cntr_v2j:auto_generated|_~64                    ; |oscilador|lpm_counter0:inst|lpm_counter:LPM_COUNTER_component|cntr_v2j:auto_generated|_~64                      ; out0             ;
; |oscilador|lpm_counter0:inst|lpm_counter:LPM_COUNTER_component|cntr_v2j:auto_generated|counter_reg_bit[19]     ; |oscilador|lpm_counter0:inst|lpm_counter:LPM_COUNTER_component|cntr_v2j:auto_generated|counter_reg_bit[19]       ; regout           ;
; |oscilador|lpm_counter0:inst|lpm_counter:LPM_COUNTER_component|cntr_v2j:auto_generated|counter_reg_bit[18]     ; |oscilador|lpm_counter0:inst|lpm_counter:LPM_COUNTER_component|cntr_v2j:auto_generated|counter_reg_bit[18]       ; regout           ;
; |oscilador|lpm_counter0:inst|lpm_counter:LPM_COUNTER_component|cntr_v2j:auto_generated|counter_reg_bit[17]     ; |oscilador|lpm_counter0:inst|lpm_counter:LPM_COUNTER_component|cntr_v2j:auto_generated|counter_reg_bit[17]       ; regout           ;
; |oscilador|lpm_counter0:inst|lpm_counter:LPM_COUNTER_component|cntr_v2j:auto_generated|counter_reg_bit[16]     ; |oscilador|lpm_counter0:inst|lpm_counter:LPM_COUNTER_component|cntr_v2j:auto_generated|counter_reg_bit[16]       ; regout           ;
; |oscilador|lpm_counter0:inst|lpm_counter:LPM_COUNTER_component|cntr_v2j:auto_generated|counter_reg_bit[15]     ; |oscilador|lpm_counter0:inst|lpm_counter:LPM_COUNTER_component|cntr_v2j:auto_generated|counter_reg_bit[15]       ; regout           ;
; |oscilador|lpm_counter0:inst|lpm_counter:LPM_COUNTER_component|cntr_v2j:auto_generated|counter_reg_bit[14]     ; |oscilador|lpm_counter0:inst|lpm_counter:LPM_COUNTER_component|cntr_v2j:auto_generated|counter_reg_bit[14]       ; regout           ;
; |oscilador|lpm_counter0:inst|lpm_counter:LPM_COUNTER_component|cntr_v2j:auto_generated|counter_reg_bit[13]     ; |oscilador|lpm_counter0:inst|lpm_counter:LPM_COUNTER_component|cntr_v2j:auto_generated|counter_reg_bit[13]       ; regout           ;
; |oscilador|lpm_counter0:inst|lpm_counter:LPM_COUNTER_component|cntr_v2j:auto_generated|counter_reg_bit[12]     ; |oscilador|lpm_counter0:inst|lpm_counter:LPM_COUNTER_component|cntr_v2j:auto_generated|counter_reg_bit[12]       ; regout           ;
; |oscilador|lpm_counter0:inst|lpm_counter:LPM_COUNTER_component|cntr_v2j:auto_generated|counter_reg_bit[11]     ; |oscilador|lpm_counter0:inst|lpm_counter:LPM_COUNTER_component|cntr_v2j:auto_generated|counter_reg_bit[11]       ; regout           ;
; |oscilador|lpm_counter0:inst|lpm_counter:LPM_COUNTER_component|cntr_v2j:auto_generated|counter_reg_bit[10]     ; |oscilador|lpm_counter0:inst|lpm_counter:LPM_COUNTER_component|cntr_v2j:auto_generated|counter_reg_bit[10]       ; regout           ;
; |oscilador|lpm_counter0:inst|lpm_counter:LPM_COUNTER_component|cntr_v2j:auto_generated|counter_reg_bit[9]      ; |oscilador|lpm_counter0:inst|lpm_counter:LPM_COUNTER_component|cntr_v2j:auto_generated|counter_reg_bit[9]        ; regout           ;
; |oscilador|lpm_counter0:inst|lpm_counter:LPM_COUNTER_component|cntr_v2j:auto_generated|counter_reg_bit[8]      ; |oscilador|lpm_counter0:inst|lpm_counter:LPM_COUNTER_component|cntr_v2j:auto_generated|counter_reg_bit[8]        ; regout           ;
; |oscilador|lpm_counter0:inst|lpm_counter:LPM_COUNTER_component|cntr_v2j:auto_generated|counter_reg_bit[7]      ; |oscilador|lpm_counter0:inst|lpm_counter:LPM_COUNTER_component|cntr_v2j:auto_generated|counter_reg_bit[7]        ; regout           ;
; |oscilador|lpm_counter2:inst6|lpm_counter:LPM_COUNTER_component|cntr_38i:auto_generated|counter_comb_bita14    ; |oscilador|lpm_counter2:inst6|lpm_counter:LPM_COUNTER_component|cntr_38i:auto_generated|counter_comb_bita14~COUT ; cout             ;
; |oscilador|lpm_counter2:inst6|lpm_counter:LPM_COUNTER_component|cntr_38i:auto_generated|counter_comb_bita15    ; |oscilador|lpm_counter2:inst6|lpm_counter:LPM_COUNTER_component|cntr_38i:auto_generated|counter_comb_bita15      ; combout          ;
; |oscilador|lpm_counter2:inst6|lpm_counter:LPM_COUNTER_component|cntr_38i:auto_generated|counter_comb_bita15    ; |oscilador|lpm_counter2:inst6|lpm_counter:LPM_COUNTER_component|cntr_38i:auto_generated|counter_comb_bita15~COUT ; cout             ;
; |oscilador|lpm_counter2:inst6|lpm_counter:LPM_COUNTER_component|cntr_38i:auto_generated|counter_comb_bita16    ; |oscilador|lpm_counter2:inst6|lpm_counter:LPM_COUNTER_component|cntr_38i:auto_generated|counter_comb_bita16      ; combout          ;
; |oscilador|lpm_counter2:inst6|lpm_counter:LPM_COUNTER_component|cntr_38i:auto_generated|counter_comb_bita16    ; |oscilador|lpm_counter2:inst6|lpm_counter:LPM_COUNTER_component|cntr_38i:auto_generated|counter_comb_bita16~COUT ; cout             ;
; |oscilador|lpm_counter2:inst6|lpm_counter:LPM_COUNTER_component|cntr_38i:auto_generated|counter_comb_bita17    ; |oscilador|lpm_counter2:inst6|lpm_counter:LPM_COUNTER_component|cntr_38i:auto_generated|counter_comb_bita17      ; combout          ;
; |oscilador|lpm_counter2:inst6|lpm_counter:LPM_COUNTER_component|cntr_38i:auto_generated|counter_comb_bita17    ; |oscilador|lpm_counter2:inst6|lpm_counter:LPM_COUNTER_component|cntr_38i:auto_generated|counter_comb_bita17~COUT ; cout             ;
; |oscilador|lpm_counter2:inst6|lpm_counter:LPM_COUNTER_component|cntr_38i:auto_generated|counter_comb_bita18    ; |oscilador|lpm_counter2:inst6|lpm_counter:LPM_COUNTER_component|cntr_38i:auto_generated|counter_comb_bita18      ; combout          ;
; |oscilador|lpm_counter2:inst6|lpm_counter:LPM_COUNTER_component|cntr_38i:auto_generated|counter_comb_bita18    ; |oscilador|lpm_counter2:inst6|lpm_counter:LPM_COUNTER_component|cntr_38i:auto_generated|counter_comb_bita18~COUT ; cout             ;
; |oscilador|lpm_counter2:inst6|lpm_counter:LPM_COUNTER_component|cntr_38i:auto_generated|counter_comb_bita19    ; |oscilador|lpm_counter2:inst6|lpm_counter:LPM_COUNTER_component|cntr_38i:auto_generated|counter_comb_bita19      ; combout          ;
; |oscilador|lpm_counter2:inst6|lpm_counter:LPM_COUNTER_component|cntr_38i:auto_generated|counter_reg_bit[19]    ; |oscilador|lpm_counter2:inst6|lpm_counter:LPM_COUNTER_component|cntr_38i:auto_generated|counter_reg_bit[19]      ; regout           ;
; |oscilador|lpm_counter2:inst6|lpm_counter:LPM_COUNTER_component|cntr_38i:auto_generated|counter_reg_bit[18]    ; |oscilador|lpm_counter2:inst6|lpm_counter:LPM_COUNTER_component|cntr_38i:auto_generated|counter_reg_bit[18]      ; regout           ;
; |oscilador|lpm_counter2:inst6|lpm_counter:LPM_COUNTER_component|cntr_38i:auto_generated|counter_reg_bit[17]    ; |oscilador|lpm_counter2:inst6|lpm_counter:LPM_COUNTER_component|cntr_38i:auto_generated|counter_reg_bit[17]      ; regout           ;
; |oscilador|lpm_counter2:inst6|lpm_counter:LPM_COUNTER_component|cntr_38i:auto_generated|counter_reg_bit[16]    ; |oscilador|lpm_counter2:inst6|lpm_counter:LPM_COUNTER_component|cntr_38i:auto_generated|counter_reg_bit[16]      ; regout           ;
; |oscilador|lpm_counter2:inst6|lpm_counter:LPM_COUNTER_component|cntr_38i:auto_generated|counter_reg_bit[15]    ; |oscilador|lpm_counter2:inst6|lpm_counter:LPM_COUNTER_component|cntr_38i:auto_generated|counter_reg_bit[15]      ; regout           ;
; |oscilador|lpm_counter2:inst6|lpm_counter:LPM_COUNTER_component|cntr_38i:auto_generated|counter_reg_bit[14]    ; |oscilador|lpm_counter2:inst6|lpm_counter:LPM_COUNTER_component|cntr_38i:auto_generated|counter_reg_bit[14]      ; regout           ;
; |oscilador|lpm_counter2:inst6|lpm_counter:LPM_COUNTER_component|cntr_38i:auto_generated|counter_reg_bit[13]    ; |oscilador|lpm_counter2:inst6|lpm_counter:LPM_COUNTER_component|cntr_38i:auto_generated|counter_reg_bit[13]      ; regout           ;
; |oscilador|lpm_compare4:inst5|lpm_compare:LPM_COMPARE_component|cmpr_0mg:auto_generated|data_wire[12]~0        ; |oscilador|lpm_compare4:inst5|lpm_compare:LPM_COMPARE_component|cmpr_0mg:auto_generated|data_wire[12]~0          ; out0             ;
; |oscilador|lpm_compare4:inst5|lpm_compare:LPM_COMPARE_component|cmpr_0mg:auto_generated|data_wire[12]~1        ; |oscilador|lpm_compare4:inst5|lpm_compare:LPM_COMPARE_component|cmpr_0mg:auto_generated|data_wire[12]~1          ; out0             ;
; |oscilador|lpm_compare4:inst5|lpm_compare:LPM_COMPARE_component|cmpr_0mg:auto_generated|data_wire[12]          ; |oscilador|lpm_compare4:inst5|lpm_compare:LPM_COMPARE_component|cmpr_0mg:auto_generated|data_wire[12]            ; out0             ;
; |oscilador|lpm_compare4:inst5|lpm_compare:LPM_COMPARE_component|cmpr_0mg:auto_generated|data_wire[11]~2        ; |oscilador|lpm_compare4:inst5|lpm_compare:LPM_COMPARE_component|cmpr_0mg:auto_generated|data_wire[11]~2          ; out0             ;
; |oscilador|lpm_compare4:inst5|lpm_compare:LPM_COMPARE_component|cmpr_0mg:auto_generated|data_wire[11]~3        ; |oscilador|lpm_compare4:inst5|lpm_compare:LPM_COMPARE_component|cmpr_0mg:auto_generated|data_wire[11]~3          ; out0             ;
; |oscilador|lpm_compare4:inst5|lpm_compare:LPM_COMPARE_component|cmpr_0mg:auto_generated|data_wire[11]          ; |oscilador|lpm_compare4:inst5|lpm_compare:LPM_COMPARE_component|cmpr_0mg:auto_generated|data_wire[11]            ; out0             ;
; |oscilador|lpm_compare4:inst5|lpm_compare:LPM_COMPARE_component|cmpr_0mg:auto_generated|data_wire[10]~4        ; |oscilador|lpm_compare4:inst5|lpm_compare:LPM_COMPARE_component|cmpr_0mg:auto_generated|data_wire[10]~4          ; out0             ;
; |oscilador|lpm_compare4:inst5|lpm_compare:LPM_COMPARE_component|cmpr_0mg:auto_generated|data_wire[10]~5        ; |oscilador|lpm_compare4:inst5|lpm_compare:LPM_COMPARE_component|cmpr_0mg:auto_generated|data_wire[10]~5          ; out0             ;
; |oscilador|lpm_compare4:inst5|lpm_compare:LPM_COMPARE_component|cmpr_0mg:auto_generated|data_wire[10]          ; |oscilador|lpm_compare4:inst5|lpm_compare:LPM_COMPARE_component|cmpr_0mg:auto_generated|data_wire[10]            ; out0             ;
; |oscilador|lpm_compare4:inst5|lpm_compare:LPM_COMPARE_component|cmpr_0mg:auto_generated|data_wire[9]~7         ; |oscilador|lpm_compare4:inst5|lpm_compare:LPM_COMPARE_component|cmpr_0mg:auto_generated|data_wire[9]~7           ; out0             ;
; |oscilador|lpm_compare4:inst5|lpm_compare:LPM_COMPARE_component|cmpr_0mg:auto_generated|data_wire[9]           ; |oscilador|lpm_compare4:inst5|lpm_compare:LPM_COMPARE_component|cmpr_0mg:auto_generated|data_wire[9]             ; out0             ;
; |oscilador|lpm_compare4:inst5|lpm_compare:LPM_COMPARE_component|cmpr_0mg:auto_generated|data_wire[3]~18        ; |oscilador|lpm_compare4:inst5|lpm_compare:LPM_COMPARE_component|cmpr_0mg:auto_generated|data_wire[3]~18          ; out0             ;
; |oscilador|lpm_compare4:inst5|lpm_compare:LPM_COMPARE_component|cmpr_0mg:auto_generated|data_wire[2]           ; |oscilador|lpm_compare4:inst5|lpm_compare:LPM_COMPARE_component|cmpr_0mg:auto_generated|data_wire[2]             ; out0             ;
; |oscilador|lpm_compare4:inst5|lpm_compare:LPM_COMPARE_component|cmpr_0mg:auto_generated|data_wire[1]~20        ; |oscilador|lpm_compare4:inst5|lpm_compare:LPM_COMPARE_component|cmpr_0mg:auto_generated|data_wire[1]~20          ; out0             ;
; |oscilador|lpm_compare4:inst5|lpm_compare:LPM_COMPARE_component|cmpr_0mg:auto_generated|data_wire[1]           ; |oscilador|lpm_compare4:inst5|lpm_compare:LPM_COMPARE_component|cmpr_0mg:auto_generated|data_wire[1]             ; out0             ;
; |oscilador|lpm_counter2:inst6|lpm_counter:LPM_COUNTER_component|cntr_38i:auto_generated|counter_reg_bit[19]~23 ; |oscilador|lpm_counter2:inst6|lpm_counter:LPM_COUNTER_component|cntr_38i:auto_generated|counter_reg_bit[19]~23   ; out              ;
; |oscilador|lpm_counter2:inst6|lpm_counter:LPM_COUNTER_component|cntr_38i:auto_generated|counter_reg_bit[18]~24 ; |oscilador|lpm_counter2:inst6|lpm_counter:LPM_COUNTER_component|cntr_38i:auto_generated|counter_reg_bit[18]~24   ; out              ;
; |oscilador|lpm_counter2:inst6|lpm_counter:LPM_COUNTER_component|cntr_38i:auto_generated|counter_reg_bit[17]~25 ; |oscilador|lpm_counter2:inst6|lpm_counter:LPM_COUNTER_component|cntr_38i:auto_generated|counter_reg_bit[17]~25   ; out              ;
; |oscilador|lpm_counter2:inst6|lpm_counter:LPM_COUNTER_component|cntr_38i:auto_generated|counter_reg_bit[16]~26 ; |oscilador|lpm_counter2:inst6|lpm_counter:LPM_COUNTER_component|cntr_38i:auto_generated|counter_reg_bit[16]~26   ; out              ;
; |oscilador|lpm_counter2:inst6|lpm_counter:LPM_COUNTER_component|cntr_38i:auto_generated|counter_reg_bit[15]~27 ; |oscilador|lpm_counter2:inst6|lpm_counter:LPM_COUNTER_component|cntr_38i:auto_generated|counter_reg_bit[15]~27   ; out              ;
+----------------------------------------------------------------------------------------------------------------+------------------------------------------------------------------------------------------------------------------+------------------+


+---------------------+
; Simulator INI Usage ;
+--------+------------+
; Option ; Usage      ;
+--------+------------+


+--------------------+
; Simulator Messages ;
+--------------------+
Info: *******************************************************************
Info: Running Quartus II 64-Bit Simulator
    Info: Version 13.0.1 Build 232 06/12/2013 Service Pack 1 SJ Web Edition
    Info: Processing started: Thu Jul 04 18:24:35 2024
Info: Command: quartus_sim --simulation_results_format=VWF afinador_violao -c afinador_violao_qsim
Info (324025): Using vector source file "C:/Users/Joao/Desktop/VIOLAO/afinador-violao/simulacao-gerador.vwf"
Info (310003): Option to preserve fewer signal transitions to reduce memory requirements is enabled
    Info (310004): Simulation has been partitioned into sub-simulations according to the maximum transition count determined by the engine. Transitions from memory will be flushed out to disk at the end of each sub-simulation to reduce memory requirements.
Info (310002): Simulation partitioned into 1 sub-simulations
Info (328053): Simulation coverage is      70.33 %
Info (328052): Number of transitions in simulation is 483108
Info (324045): Vector file afinador_violao_qsim.sim.vwf is saved in VWF text format. You can compress it into CVWF format in order to reduce file size. For more details please refer to the Quartus II Help.
Info: Quartus II 64-Bit Simulator was successful. 0 errors, 0 warnings
    Info: Peak virtual memory: 4442 megabytes
    Info: Processing ended: Thu Jul 04 18:24:36 2024
    Info: Elapsed time: 00:00:01
    Info: Total CPU time (on all processors): 00:00:01


